#! /c/Source/iverilog-install/bin/vvp
:ivl_version "12.0 (devel)" "(s20150603-1539-g2693dd32b)";
:ivl_delay_selection "TYPICAL";
:vpi_time_precision - 12;
:vpi_module "D:\iverilog\lib\ivl\system.vpi";
:vpi_module "D:\iverilog\lib\ivl\vhdl_sys.vpi";
:vpi_module "D:\iverilog\lib\ivl\vhdl_textio.vpi";
:vpi_module "D:\iverilog\lib\ivl\v2005_math.vpi";
:vpi_module "D:\iverilog\lib\ivl\va_math.vpi";
:vpi_module "D:\iverilog\lib\ivl\v2009.vpi";
S_00000239bc1096c0 .scope package, "$unit" "$unit" 2 1;
 .timescale 0 0;
S_00000239bc109850 .scope module, "L1" "L1" 3 3;
 .timescale -9 -12;
    .port_info 0 /INPUT 1 "clk1";
    .port_info 1 /INPUT 3 "Ra";
    .port_info 2 /INPUT 3 "Rb";
    .port_info 3 /INPUT 3 "Rd";
    .port_info 4 /INPUT 8 "SignExtendedImm";
    .port_info 5 /INPUT 8 "m1";
    .port_info 6 /INPUT 8 "m2";
    .port_info 7 /INPUT 1 "RegDst";
    .port_info 8 /INPUT 1 "RegWrite";
    .port_info 9 /INPUT 1 "ALUSrc";
    .port_info 10 /INPUT 3 "ALUFn";
    .port_info 11 /INPUT 1 "MemWrite";
    .port_info 12 /INPUT 1 "MemRead";
    .port_info 13 /INPUT 1 "MemtoReg";
    .port_info 14 /OUTPUT 3 "Raout";
    .port_info 15 /OUTPUT 3 "Rbout";
    .port_info 16 /OUTPUT 3 "Rdout";
    .port_info 17 /OUTPUT 8 "immout";
    .port_info 18 /OUTPUT 8 "m1out";
    .port_info 19 /OUTPUT 8 "m2out";
    .port_info 20 /OUTPUT 1 "regdstout";
    .port_info 21 /OUTPUT 1 "regwriteout";
    .port_info 22 /OUTPUT 1 "alusrcout";
    .port_info 23 /OUTPUT 3 "alufnout";
    .port_info 24 /OUTPUT 1 "memwriteout";
    .port_info 25 /OUTPUT 1 "memreadout";
    .port_info 26 /OUTPUT 1 "memtoregout";
o00000239bc140088 .functor BUFZ 3, C4<zzz>; HiZ drive
v00000239bc100010_0 .net "ALUFn", 2 0, o00000239bc140088;  0 drivers
o00000239bc1400b8 .functor BUFZ 1, C4<z>; HiZ drive
v00000239bc100150_0 .net "ALUSrc", 0 0, o00000239bc1400b8;  0 drivers
v00000239bc100330_0 .var "L1_ALUFn", 2 0;
v00000239bc0ffa70_0 .var "L1_ALUSrc", 0 0;
v00000239bc0fff70_0 .var "L1_MemRead", 0 0;
v00000239bc1003d0_0 .var "L1_MemWrite", 0 0;
v00000239bc0ff750_0 .var "L1_MemtoReg", 0 0;
v00000239bc0ffbb0_0 .var "L1_Ra", 2 0;
v00000239bc0ffc50_0 .var "L1_Rb", 2 0;
v00000239bc0ffcf0_0 .var "L1_Rd", 2 0;
v00000239bc0ffe30_0 .var "L1_RegDst", 0 0;
v00000239bc1001f0_0 .var "L1_RegWrite", 0 0;
v00000239bc139a20_0 .var "L1_SignExtendedImm", 7 0;
v00000239bc13b5a0_0 .var "L1_m1", 7 0;
v00000239bc13b3c0_0 .var "L1_m2", 7 0;
o00000239bc140358 .functor BUFZ 1, C4<z>; HiZ drive
v00000239bc139f20_0 .net "MemRead", 0 0, o00000239bc140358;  0 drivers
o00000239bc140388 .functor BUFZ 1, C4<z>; HiZ drive
v00000239bc139e80_0 .net "MemWrite", 0 0, o00000239bc140388;  0 drivers
o00000239bc1403b8 .functor BUFZ 1, C4<z>; HiZ drive
v00000239bc13af60_0 .net "MemtoReg", 0 0, o00000239bc1403b8;  0 drivers
o00000239bc1403e8 .functor BUFZ 3, C4<zzz>; HiZ drive
v00000239bc13a600_0 .net "Ra", 2 0, o00000239bc1403e8;  0 drivers
v00000239bc13ac40_0 .var "Raout", 2 0;
o00000239bc140448 .functor BUFZ 3, C4<zzz>; HiZ drive
v00000239bc13a240_0 .net "Rb", 2 0, o00000239bc140448;  0 drivers
v00000239bc13ab00_0 .var "Rbout", 2 0;
o00000239bc1404a8 .functor BUFZ 3, C4<zzz>; HiZ drive
v00000239bc139ac0_0 .net "Rd", 2 0, o00000239bc1404a8;  0 drivers
v00000239bc13b280_0 .var "Rdout", 2 0;
o00000239bc140508 .functor BUFZ 1, C4<z>; HiZ drive
v00000239bc139fc0_0 .net "RegDst", 0 0, o00000239bc140508;  0 drivers
o00000239bc140538 .functor BUFZ 1, C4<z>; HiZ drive
v00000239bc13a2e0_0 .net "RegWrite", 0 0, o00000239bc140538;  0 drivers
o00000239bc140568 .functor BUFZ 8, C4<zzzzzzzz>; HiZ drive
v00000239bc139980_0 .net "SignExtendedImm", 7 0, o00000239bc140568;  0 drivers
v00000239bc139d40_0 .var "alufnout", 2 0;
v00000239bc13a1a0_0 .var "alusrcout", 0 0;
o00000239bc1405f8 .functor BUFZ 1, C4<z>; HiZ drive
v00000239bc13aec0_0 .net "clk1", 0 0, o00000239bc1405f8;  0 drivers
v00000239bc13a380_0 .var "immout", 7 0;
o00000239bc140658 .functor BUFZ 8, C4<zzzzzzzz>; HiZ drive
v00000239bc13aba0_0 .net "m1", 7 0, o00000239bc140658;  0 drivers
v00000239bc13b640_0 .var "m1out", 7 0;
o00000239bc1406b8 .functor BUFZ 8, C4<zzzzzzzz>; HiZ drive
v00000239bc13a060_0 .net "m2", 7 0, o00000239bc1406b8;  0 drivers
v00000239bc13a100_0 .var "m2out", 7 0;
v00000239bc13b000_0 .var "memreadout", 0 0;
v00000239bc13ae20_0 .var "memtoregout", 0 0;
v00000239bc13a920_0 .var "memwriteout", 0 0;
v00000239bc13a880_0 .var "regdstout", 0 0;
v00000239bc13b0a0_0 .var "regwriteout", 0 0;
E_00000239bc0fa560 .event posedge, v00000239bc13aec0_0;
E_00000239bc0fa020/0 .event anyedge, v00000239bc13a600_0, v00000239bc13a240_0, v00000239bc139ac0_0, v00000239bc139980_0;
E_00000239bc0fa020/1 .event anyedge, v00000239bc13aba0_0, v00000239bc13a060_0, v00000239bc139fc0_0, v00000239bc13a2e0_0;
E_00000239bc0fa020/2 .event anyedge, v00000239bc100150_0, v00000239bc100010_0, v00000239bc139e80_0, v00000239bc139f20_0;
E_00000239bc0fa020/3 .event anyedge, v00000239bc13af60_0;
E_00000239bc0fa020 .event/or E_00000239bc0fa020/0, E_00000239bc0fa020/1, E_00000239bc0fa020/2, E_00000239bc0fa020/3;
S_00000239bc10bbb0 .scope module, "L2" "L2" 4 3;
 .timescale -9 -12;
    .port_info 0 /INPUT 1 "clk2";
    .port_info 1 /INPUT 8 "L1_m1";
    .port_info 2 /INPUT 8 "L1_m2";
    .port_info 3 /INPUT 8 "L1_SignExtendedImm";
    .port_info 4 /INPUT 8 "L1_A";
    .port_info 5 /INPUT 8 "L1_B";
    .port_info 6 /INPUT 1 "L1_ALUSrc";
    .port_info 7 /INPUT 3 "L1_ALUFn";
    .port_info 8 /INPUT 1 "L1_MemWrite";
    .port_info 9 /INPUT 1 "L1_MemRead";
    .port_info 10 /INPUT 1 "L1_MemtoReg";
    .port_info 11 /INPUT 1 "L1_RegWrite";
    .port_info 12 /INPUT 3 "L1_regwradd";
    .port_info 13 /OUTPUT 1 "ALUSrcout";
    .port_info 14 /OUTPUT 3 "ALUFnout";
    .port_info 15 /OUTPUT 1 "memwriteout";
    .port_info 16 /OUTPUT 1 "memreadout";
    .port_info 17 /OUTPUT 1 "memtoregout";
    .port_info 18 /OUTPUT 1 "regwriteout";
    .port_info 19 /OUTPUT 3 "regwradd";
    .port_info 20 /OUTPUT 8 "immout";
    .port_info 21 /OUTPUT 8 "Aout";
    .port_info 22 /OUTPUT 8 "Bout";
    .port_info 23 /OUTPUT 8 "m1out";
    .port_info 24 /OUTPUT 8 "m2out";
v00000239bc13b460_0 .var "ALUFnout", 2 0;
v00000239bc13ad80_0 .var "ALUSrcout", 0 0;
v00000239bc13a420_0 .var "Aout", 7 0;
v00000239bc13aa60_0 .var "Bout", 7 0;
o00000239bc140dd8 .functor BUFZ 8, C4<zzzzzzzz>; HiZ drive
v00000239bc1397a0_0 .net "L1_A", 7 0, o00000239bc140dd8;  0 drivers
o00000239bc140e08 .functor BUFZ 3, C4<zzz>; HiZ drive
v00000239bc13b500_0 .net "L1_ALUFn", 2 0, o00000239bc140e08;  0 drivers
o00000239bc140e38 .functor BUFZ 1, C4<z>; HiZ drive
v00000239bc13a740_0 .net "L1_ALUSrc", 0 0, o00000239bc140e38;  0 drivers
o00000239bc140e68 .functor BUFZ 8, C4<zzzzzzzz>; HiZ drive
v00000239bc13a4c0_0 .net "L1_B", 7 0, o00000239bc140e68;  0 drivers
o00000239bc140e98 .functor BUFZ 1, C4<z>; HiZ drive
v00000239bc13a6a0_0 .net "L1_MemRead", 0 0, o00000239bc140e98;  0 drivers
o00000239bc140ec8 .functor BUFZ 1, C4<z>; HiZ drive
v00000239bc139840_0 .net "L1_MemWrite", 0 0, o00000239bc140ec8;  0 drivers
o00000239bc140ef8 .functor BUFZ 1, C4<z>; HiZ drive
v00000239bc139b60_0 .net "L1_MemtoReg", 0 0, o00000239bc140ef8;  0 drivers
o00000239bc140f28 .functor BUFZ 1, C4<z>; HiZ drive
v00000239bc13a560_0 .net "L1_RegWrite", 0 0, o00000239bc140f28;  0 drivers
o00000239bc140f58 .functor BUFZ 8, C4<zzzzzzzz>; HiZ drive
v00000239bc139c00_0 .net "L1_SignExtendedImm", 7 0, o00000239bc140f58;  0 drivers
o00000239bc140f88 .functor BUFZ 8, C4<zzzzzzzz>; HiZ drive
v00000239bc13a7e0_0 .net "L1_m1", 7 0, o00000239bc140f88;  0 drivers
o00000239bc140fb8 .functor BUFZ 8, C4<zzzzzzzz>; HiZ drive
v00000239bc13a9c0_0 .net "L1_m2", 7 0, o00000239bc140fb8;  0 drivers
o00000239bc140fe8 .functor BUFZ 3, C4<zzz>; HiZ drive
v00000239bc1398e0_0 .net "L1_regwradd", 2 0, o00000239bc140fe8;  0 drivers
v00000239bc13ace0_0 .var "L2_A", 7 0;
v00000239bc13b140_0 .var "L2_ALUFn", 2 0;
v00000239bc13b1e0_0 .var "L2_ALUSrc", 0 0;
v00000239bc13b320_0 .var "L2_B", 7 0;
v00000239bc139ca0_0 .var "L2_MemRead", 0 0;
v00000239bc139de0_0 .var "L2_MemWrite", 0 0;
v00000239bc13b7b0_0 .var "L2_MemtoReg", 0 0;
v00000239bc13cbb0_0 .var "L2_RegWrite", 0 0;
v00000239bc13d290_0 .var "L2_SignExtendedImm", 7 0;
v00000239bc13cc50_0 .var "L2_m1", 7 0;
v00000239bc13bcb0_0 .var "L2_m2", 7 0;
v00000239bc13d330_0 .var "L2_regwradd", 2 0;
o00000239bc141258 .functor BUFZ 1, C4<z>; HiZ drive
v00000239bc13bdf0_0 .net "clk2", 0 0, o00000239bc141258;  0 drivers
v00000239bc13ccf0_0 .var "immout", 7 0;
v00000239bc13d0b0_0 .var "m1out", 7 0;
v00000239bc13bfd0_0 .var "m2out", 7 0;
v00000239bc13c2f0_0 .var "memreadout", 0 0;
v00000239bc13c7f0_0 .var "memtoregout", 0 0;
v00000239bc13be90_0 .var "memwriteout", 0 0;
v00000239bc13d010_0 .var "regwradd", 2 0;
v00000239bc13b850_0 .var "regwriteout", 0 0;
E_00000239bc0fa5e0 .event posedge, v00000239bc13bdf0_0;
E_00000239bc0f9d60/0 .event anyedge, v00000239bc139c00_0, v00000239bc1397a0_0, v00000239bc13a4c0_0, v00000239bc13a7e0_0;
E_00000239bc0f9d60/1 .event anyedge, v00000239bc13a9c0_0, v00000239bc13a740_0, v00000239bc13b500_0, v00000239bc139840_0;
E_00000239bc0f9d60/2 .event anyedge, v00000239bc13a6a0_0, v00000239bc139b60_0, v00000239bc13a560_0, v00000239bc1398e0_0;
E_00000239bc0f9d60 .event/or E_00000239bc0f9d60/0, E_00000239bc0f9d60/1, E_00000239bc0f9d60/2;
S_00000239bc10e3b0 .scope module, "L3" "L3" 5 3;
 .timescale -9 -12;
    .port_info 0 /INPUT 1 "clk1";
    .port_info 1 /INPUT 8 "L2_B";
    .port_info 2 /INPUT 8 "L2_alu_out";
    .port_info 3 /INPUT 1 "L2_MemWrite";
    .port_info 4 /INPUT 1 "L2_MemRead";
    .port_info 5 /INPUT 1 "L2_MemtoReg";
    .port_info 6 /INPUT 1 "L2_RegWrite";
    .port_info 7 /INPUT 3 "L2_regwradd";
    .port_info 8 /INPUT 8 "l2m2out";
    .port_info 9 /OUTPUT 8 "Bout";
    .port_info 10 /OUTPUT 8 "alu_outout";
    .port_info 11 /OUTPUT 1 "memwriteout";
    .port_info 12 /OUTPUT 1 "memreadout";
    .port_info 13 /OUTPUT 1 "memtoregout";
    .port_info 14 /OUTPUT 1 "regwriteout";
    .port_info 15 /OUTPUT 3 "regwradd";
    .port_info 16 /OUTPUT 8 "l3m2out";
v00000239bc13d650_0 .var "Bout", 7 0;
o00000239bc1418e8 .functor BUFZ 8, C4<zzzzzzzz>; HiZ drive
v00000239bc13c890_0 .net "L2_B", 7 0, o00000239bc1418e8;  0 drivers
o00000239bc141918 .functor BUFZ 1, C4<z>; HiZ drive
v00000239bc13c570_0 .net "L2_MemRead", 0 0, o00000239bc141918;  0 drivers
o00000239bc141948 .functor BUFZ 1, C4<z>; HiZ drive
v00000239bc13d3d0_0 .net "L2_MemWrite", 0 0, o00000239bc141948;  0 drivers
o00000239bc141978 .functor BUFZ 1, C4<z>; HiZ drive
v00000239bc13c070_0 .net "L2_MemtoReg", 0 0, o00000239bc141978;  0 drivers
o00000239bc1419a8 .functor BUFZ 1, C4<z>; HiZ drive
v00000239bc13bf30_0 .net "L2_RegWrite", 0 0, o00000239bc1419a8;  0 drivers
o00000239bc1419d8 .functor BUFZ 8, C4<zzzzzzzz>; HiZ drive
v00000239bc13bb70_0 .net "L2_alu_out", 7 0, o00000239bc1419d8;  0 drivers
o00000239bc141a08 .functor BUFZ 3, C4<zzz>; HiZ drive
v00000239bc13cd90_0 .net "L2_regwradd", 2 0, o00000239bc141a08;  0 drivers
v00000239bc13c110_0 .var "L3_B", 7 0;
v00000239bc13c1b0_0 .var "L3_MemRead", 0 0;
v00000239bc13c930_0 .var "L3_MemWrite", 0 0;
v00000239bc13c430_0 .var "L3_MemtoReg", 0 0;
v00000239bc13c4d0_0 .var "L3_RegWrite", 0 0;
v00000239bc13d470_0 .var "L3_alu_out", 7 0;
v00000239bc13c250_0 .var "L3_regwradd", 2 0;
v00000239bc13b8f0_0 .var "alu_outout", 7 0;
v00000239bc13c390_0 .var "blatch", 7 0;
o00000239bc141be8 .functor BUFZ 1, C4<z>; HiZ drive
v00000239bc13c9d0_0 .net "clk1", 0 0, o00000239bc141be8;  0 drivers
o00000239bc141c18 .functor BUFZ 8, C4<zzzzzzzz>; HiZ drive
v00000239bc13ce30_0 .net "l2m2out", 7 0, o00000239bc141c18;  0 drivers
v00000239bc13b990_0 .var "l3m2out", 7 0;
v00000239bc13c610_0 .var "memreadout", 0 0;
v00000239bc13d1f0_0 .var "memtoregout", 0 0;
v00000239bc13bd50_0 .var "memwriteout", 0 0;
v00000239bc13ced0_0 .var "regwradd", 2 0;
v00000239bc13cf70_0 .var "regwriteout", 0 0;
E_00000239bc0f9de0 .event posedge, v00000239bc13c9d0_0;
E_00000239bc0f9e20/0 .event anyedge, v00000239bc13c890_0, v00000239bc13bb70_0, v00000239bc13d3d0_0, v00000239bc13c570_0;
E_00000239bc0f9e20/1 .event anyedge, v00000239bc13c070_0, v00000239bc13bf30_0, v00000239bc13cd90_0, v00000239bc13ce30_0;
E_00000239bc0f9e20 .event/or E_00000239bc0f9e20/0, E_00000239bc0f9e20/1;
S_00000239bc0ab240 .scope module, "L4" "L4" 6 3;
 .timescale -9 -9;
    .port_info 0 /OUTPUT 8 "alu_in";
    .port_info 1 /OUTPUT 8 "mem_in";
    .port_info 2 /OUTPUT 1 "MemToRegmux";
    .port_info 3 /INPUT 1 "L3_Regwrite";
    .port_info 4 /INPUT 3 "L3_regwradd";
    .port_info 5 /INPUT 8 "alu_out";
    .port_info 6 /INPUT 8 "mem_out";
    .port_info 7 /INPUT 1 "MemToReg";
    .port_info 8 /OUTPUT 1 "RegWrite";
    .port_info 9 /OUTPUT 3 "regwradd";
    .port_info 10 /INPUT 1 "clk2";
o00000239bc142098 .functor BUFZ 1, C4<z>; HiZ drive
v00000239bc13cb10_0 .net "L3_Regwrite", 0 0, o00000239bc142098;  0 drivers
o00000239bc1420c8 .functor BUFZ 3, C4<zzz>; HiZ drive
v00000239bc13d510_0 .net "L3_regwradd", 2 0, o00000239bc1420c8;  0 drivers
v00000239bc13bad0_0 .var "L4_MemToReg", 0 0;
v00000239bc13c6b0_0 .var "L4_RegWrite", 0 0;
v00000239bc13c750_0 .var "L4_alu_out", 7 0;
v00000239bc13ca70_0 .var "L4_mem_out", 7 0;
v00000239bc13d150_0 .var "L4_regwradd", 2 0;
o00000239bc1421e8 .functor BUFZ 1, C4<z>; HiZ drive
v00000239bc13ba30_0 .net "MemToReg", 0 0, o00000239bc1421e8;  0 drivers
v00000239bc13d5b0_0 .var "MemToRegmux", 0 0;
v00000239bc13bc10_0 .var "RegWrite", 0 0;
v00000239bc173770_0 .var "alu_in", 7 0;
o00000239bc1422a8 .functor BUFZ 8, C4<zzzzzzzz>; HiZ drive
v00000239bc172410_0 .net "alu_out", 7 0, o00000239bc1422a8;  0 drivers
o00000239bc1422d8 .functor BUFZ 1, C4<z>; HiZ drive
v00000239bc173590_0 .net "clk2", 0 0, o00000239bc1422d8;  0 drivers
v00000239bc1720f0_0 .var "mem_in", 7 0;
o00000239bc142338 .functor BUFZ 8, C4<zzzzzzzz>; HiZ drive
v00000239bc172190_0 .net "mem_out", 7 0, o00000239bc142338;  0 drivers
v00000239bc1729b0_0 .var "regwradd", 2 0;
E_00000239bc0fa6e0 .event posedge, v00000239bc173590_0;
E_00000239bc0fa0e0/0 .event anyedge, v00000239bc172410_0, v00000239bc172190_0, v00000239bc13ba30_0, v00000239bc13cb10_0;
E_00000239bc0fa0e0/1 .event anyedge, v00000239bc13d510_0;
E_00000239bc0fa0e0 .event/or E_00000239bc0fa0e0/0, E_00000239bc0fa0e0/1;
S_00000239bc0ab3d0 .scope module, "MUX" "MUX" 7 1;
 .timescale -9 -12;
    .port_info 0 /INPUT 8 "inB";
    .port_info 1 /INPUT 8 "imm";
    .port_info 2 /INPUT 1 "sel";
    .port_info 3 /OUTPUT 8 "outB";
v00000239bc172910_0 .net *"_ivl_0", 7 0, L_00000239bc175460;  1 drivers
o00000239bc1425d8 .functor BUFZ 8, C4<zzzzzzzz>; HiZ drive
v00000239bc172ff0_0 .net "imm", 7 0, o00000239bc1425d8;  0 drivers
o00000239bc142608 .functor BUFZ 8, C4<zzzzzzzz>; HiZ drive
v00000239bc173630_0 .net "inB", 7 0, o00000239bc142608;  0 drivers
v00000239bc172f50_0 .net "out", 0 0, L_00000239bc1746a0;  1 drivers
o00000239bc142668 .functor BUFZ 8, C4<zzzzzzzz>; HiZ drive
v00000239bc173090_0 .net "outB", 7 0, o00000239bc142668;  0 drivers
o00000239bc142698 .functor BUFZ 1, C4<z>; HiZ drive
v00000239bc1731d0_0 .net "sel", 0 0, o00000239bc142698;  0 drivers
L_00000239bc175460 .functor MUXZ 8, o00000239bc142608, o00000239bc1425d8, o00000239bc142698, C4<>;
L_00000239bc1746a0 .part L_00000239bc175460, 0, 1;
S_00000239bc094cb0 .scope module, "RegFile" "RegFile" 8 4;
 .timescale -9 -9;
    .port_info 0 /INPUT 3 "RA";
    .port_info 1 /INPUT 3 "RB";
    .port_info 2 /INPUT 3 "RDo";
    .port_info 3 /INPUT 1 "RegWrite";
    .port_info 4 /OUTPUT 8 "A";
    .port_info 5 /OUTPUT 8 "B";
    .port_info 6 /INPUT 1 "clk";
    .port_info 7 /INPUT 8 "Mem_to_Reg";
v00000239bc172230_0 .var "A", 7 0;
v00000239bc173f90_0 .var "B", 7 0;
o00000239bc1427e8 .functor BUFZ 8, C4<zzzzzzzz>; HiZ drive
v00000239bc172550_0 .net "Mem_to_Reg", 7 0, o00000239bc1427e8;  0 drivers
o00000239bc142818 .functor BUFZ 3, C4<zzz>; HiZ drive
v00000239bc173130_0 .net "RA", 2 0, o00000239bc142818;  0 drivers
o00000239bc142848 .functor BUFZ 3, C4<zzz>; HiZ drive
v00000239bc1722d0_0 .net "RB", 2 0, o00000239bc142848;  0 drivers
o00000239bc142878 .functor BUFZ 3, C4<zzz>; HiZ drive
v00000239bc172cd0_0 .net "RDo", 2 0, o00000239bc142878;  0 drivers
v00000239bc172370 .array "RegFile", 0 7, 7 0;
o00000239bc142a28 .functor BUFZ 1, C4<z>; HiZ drive
v00000239bc173270_0 .net "RegWrite", 0 0, o00000239bc142a28;  0 drivers
o00000239bc142a58 .functor BUFZ 1, C4<z>; HiZ drive
v00000239bc172a50_0 .net "clk", 0 0, o00000239bc142a58;  0 drivers
v00000239bc172370_0 .array/port v00000239bc172370, 0;
v00000239bc172370_1 .array/port v00000239bc172370, 1;
v00000239bc172370_2 .array/port v00000239bc172370, 2;
E_00000239bc0f9e60/0 .event anyedge, v00000239bc173130_0, v00000239bc172370_0, v00000239bc172370_1, v00000239bc172370_2;
v00000239bc172370_3 .array/port v00000239bc172370, 3;
v00000239bc172370_4 .array/port v00000239bc172370, 4;
v00000239bc172370_5 .array/port v00000239bc172370, 5;
v00000239bc172370_6 .array/port v00000239bc172370, 6;
E_00000239bc0f9e60/1 .event anyedge, v00000239bc172370_3, v00000239bc172370_4, v00000239bc172370_5, v00000239bc172370_6;
v00000239bc172370_7 .array/port v00000239bc172370, 7;
E_00000239bc0f9e60/2 .event anyedge, v00000239bc172370_7, v00000239bc1722d0_0;
E_00000239bc0f9e60 .event/or E_00000239bc0f9e60/0, E_00000239bc0f9e60/1, E_00000239bc0f9e60/2;
E_00000239bc0fa320 .event posedge, v00000239bc172a50_0;
S_00000239bc094e40 .scope module, "SignExtender" "SignExtender" 9 3;
 .timescale -9 -12;
    .port_info 0 /INPUT 7 "Imm7";
    .port_info 1 /OUTPUT 8 "Imm8";
o00000239bc142c08 .functor BUFZ 7, C4<zzzzzzz>; HiZ drive
v00000239bc173310_0 .net "Imm7", 6 0, o00000239bc142c08;  0 drivers
v00000239bc173810_0 .net "Imm8", 7 0, L_00000239bc174b00;  1 drivers
L_00000239bc1768d8 .functor BUFT 1, C4<0>, C4<0>, C4<0>, C4<0>;
v00000239bc1724b0_0 .net/2u *"_ivl_0", 0 0, L_00000239bc1768d8;  1 drivers
L_00000239bc174b00 .concat [ 7 1 0 0], o00000239bc142c08, L_00000239bc1768d8;
S_00000239bc0b0260 .scope module, "adder" "adder" 10 1;
 .timescale -9 -12;
    .port_info 0 /INPUT 8 "in1";
    .port_info 1 /INPUT 8 "in2";
    .port_info 2 /OUTPUT 8 "out";
o00000239bc142cf8 .functor BUFZ 8, C4<zzzzzzzz>; HiZ drive
v00000239bc1725f0_0 .net "in1", 7 0, o00000239bc142cf8;  0 drivers
o00000239bc142d28 .functor BUFZ 8, C4<zzzzzzzz>; HiZ drive
v00000239bc1739f0_0 .net "in2", 7 0, o00000239bc142d28;  0 drivers
v00000239bc1734f0_0 .net "out", 7 0, L_00000239bc174880;  1 drivers
L_00000239bc174880 .arith/sum 8, o00000239bc142cf8, o00000239bc142d28;
S_00000239bc0b03f0 .scope module, "alu" "alu" 11 1;
 .timescale -9 -12;
    .port_info 0 /INPUT 8 "Ra";
    .port_info 1 /INPUT 8 "Rb";
    .port_info 2 /INPUT 3 "alufn";
    .port_info 3 /OUTPUT 1 "alubeq";
    .port_info 4 /OUTPUT 8 "alu_out";
o00000239bc142e18 .functor BUFZ 8, C4<zzzzzzzz>; HiZ drive
v00000239bc172730_0 .net "Ra", 7 0, o00000239bc142e18;  0 drivers
o00000239bc142e48 .functor BUFZ 8, C4<zzzzzzzz>; HiZ drive
v00000239bc1733b0_0 .net "Rb", 7 0, o00000239bc142e48;  0 drivers
v00000239bc173450_0 .var "alu_out", 7 0;
v00000239bc1736d0_0 .var "alubeq", 0 0;
o00000239bc142ed8 .functor BUFZ 3, C4<zzz>; HiZ drive
v00000239bc1738b0_0 .net "alufn", 2 0, o00000239bc142ed8;  0 drivers
E_00000239bc0fa360 .event anyedge, v00000239bc1738b0_0, v00000239bc172730_0, v00000239bc1733b0_0;
S_00000239bc0aeff0 .scope module, "controlpath" "controlpath" 12 1;
 .timescale -9 -9;
    .port_info 0 /INPUT 5 "OpFn";
    .port_info 1 /INPUT 1 "clk";
    .port_info 2 /OUTPUT 1 "NIA";
    .port_info 3 /OUTPUT 1 "RegDst";
    .port_info 4 /OUTPUT 1 "RegWrite";
    .port_info 5 /OUTPUT 1 "ALUSrc";
    .port_info 6 /OUTPUT 3 "ALUFn";
    .port_info 7 /OUTPUT 1 "MemWrite";
    .port_info 8 /OUTPUT 1 "MemRead";
    .port_info 9 /OUTPUT 1 "MemToReg";
v00000239bc173950_0 .var "ALUFn", 2 0;
v00000239bc172690_0 .var "ALUSrc", 0 0;
v00000239bc173a90_0 .var "MemRead", 0 0;
v00000239bc1727d0_0 .var "MemToReg", 0 0;
v00000239bc173b30_0 .var "MemWrite", 0 0;
v00000239bc172870_0 .var "NIA", 0 0;
o00000239bc143118 .functor BUFZ 5, C4<zzzzz>; HiZ drive
v00000239bc172af0_0 .net "OpFn", 4 0, o00000239bc143118;  0 drivers
v00000239bc173bd0_0 .var "RegDst", 0 0;
v00000239bc172b90_0 .var "RegWrite", 0 0;
o00000239bc1431a8 .functor BUFZ 1, C4<z>; HiZ drive
v00000239bc173c70_0 .net "clk", 0 0, o00000239bc1431a8;  0 drivers
E_00000239bc0fa120 .event anyedge, v00000239bc172af0_0;
S_00000239bc0af180 .scope module, "decoder" "decoder" 13 1;
 .timescale -9 -9;
    .port_info 0 /INPUT 16 "inst";
    .port_info 1 /OUTPUT 3 "ra_i";
    .port_info 2 /OUTPUT 3 "rb_i";
    .port_info 3 /OUTPUT 3 "rd_i";
    .port_info 4 /OUTPUT 7 "immi";
    .port_info 5 /OUTPUT 8 "immj";
    .port_info 6 /OUTPUT 5 "opfn";
v00000239bc172eb0_0 .net "immi", 6 0, L_00000239bc174ce0;  1 drivers
v00000239bc173d10_0 .net "immj", 7 0, L_00000239bc174d80;  1 drivers
o00000239bc143418 .functor BUFZ 16, C4<zzzzzzzzzzzzzzzz>; HiZ drive
v00000239bc173db0_0 .net "inst", 15 0, o00000239bc143418;  0 drivers
v00000239bc173e50_0 .var "opfn", 4 0;
v00000239bc173ef0_0 .net "ra_i", 2 0, L_00000239bc175dc0;  1 drivers
v00000239bc172c30_0 .net "rb_i", 2 0, L_00000239bc175500;  1 drivers
v00000239bc172d70_0 .net "rd_i", 2 0, L_00000239bc174c40;  1 drivers
E_00000239bc0fa8a0 .event anyedge, v00000239bc173db0_0;
L_00000239bc175dc0 .part o00000239bc143418, 3, 3;
L_00000239bc175500 .part o00000239bc143418, 0, 3;
L_00000239bc174c40 .part o00000239bc143418, 6, 3;
L_00000239bc174ce0 .part o00000239bc143418, 6, 7;
L_00000239bc174d80 .part o00000239bc143418, 0, 8;
S_00000239bc08fcf0 .scope module, "instreg" "instreg" 14 2;
 .timescale -9 -9;
    .port_info 0 /INPUT 8 "add";
    .port_info 1 /OUTPUT 16 "inst";
L_00000239bc1184f0 .functor BUFZ 16, L_00000239bc175960, C4<0000000000000000>, C4<0000000000000000>, C4<0000000000000000>;
v00000239bc172e10_0 .net *"_ivl_0", 15 0, L_00000239bc175960;  1 drivers
v00000239bc175b40_0 .net *"_ivl_2", 9 0, L_00000239bc1756e0;  1 drivers
L_00000239bc176920 .functor BUFT 1, C4<00>, C4<0>, C4<0>, C4<0>;
v00000239bc174600_0 .net *"_ivl_5", 1 0, L_00000239bc176920;  1 drivers
o00000239bc1436e8 .functor BUFZ 8, C4<zzzzzzzz>; HiZ drive
v00000239bc174a60_0 .net "add", 7 0, o00000239bc1436e8;  0 drivers
v00000239bc174920_0 .var/i "i", 31 0;
v00000239bc175780_0 .net "inst", 15 0, L_00000239bc1184f0;  1 drivers
v00000239bc174420_0 .var "isreg", 0 0;
v00000239bc175640_0 .var/i "j", 31 0;
v00000239bc174100 .array "mem", 0 255, 15 0;
v00000239bc1741a0_0 .var "r2wr", 2 0;
L_00000239bc175960 .array/port v00000239bc174100, L_00000239bc1756e0;
L_00000239bc1756e0 .concat [ 8 2 0 0], o00000239bc1436e8, L_00000239bc176920;
S_00000239bc08fe80 .scope module, "mux2x1" "mux2x1" 15 3;
 .timescale -9 -12;
    .port_info 0 /INPUT 8 "mem_in";
    .port_info 1 /INPUT 8 "alu_in";
    .port_info 2 /INPUT 1 "memtoreg_sel";
    .port_info 3 /OUTPUT 8 "mux_out";
o00000239bc143868 .functor BUFZ 8, C4<zzzzzzzz>; HiZ drive
v00000239bc174f60_0 .net "alu_in", 7 0, o00000239bc143868;  0 drivers
o00000239bc143898 .functor BUFZ 8, C4<zzzzzzzz>; HiZ drive
v00000239bc175320_0 .net "mem_in", 7 0, o00000239bc143898;  0 drivers
o00000239bc1438c8 .functor BUFZ 1, C4<z>; HiZ drive
v00000239bc174740_0 .net "memtoreg_sel", 0 0, o00000239bc1438c8;  0 drivers
v00000239bc175d20_0 .net "mux_out", 7 0, L_00000239bc1758c0;  1 drivers
L_00000239bc1758c0 .functor MUXZ 8, o00000239bc143898, o00000239bc143868, o00000239bc1438c8, C4<>;
S_00000239bc0d2230 .scope module, "pc" "pc" 16 1;
 .timescale -9 -12;
    .port_info 0 /INPUT 8 "in";
    .port_info 1 /INPUT 1 "clk";
    .port_info 2 /INPUT 1 "rst";
    .port_info 3 /OUTPUT 8 "out";
o00000239bc1439e8 .functor BUFZ 1, C4<z>; HiZ drive
v00000239bc1751e0_0 .net "clk", 0 0, o00000239bc1439e8;  0 drivers
o00000239bc143a18 .functor BUFZ 8, C4<zzzzzzzz>; HiZ drive
v00000239bc174240_0 .net "in", 7 0, o00000239bc143a18;  0 drivers
v00000239bc175a00_0 .var "out", 7 0;
o00000239bc143a78 .functor BUFZ 1, C4<z>; HiZ drive
v00000239bc1753c0_0 .net "rst", 0 0, o00000239bc143a78;  0 drivers
E_00000239bc0fa9a0 .event posedge, v00000239bc1753c0_0, v00000239bc1751e0_0;
S_00000239bc0d23c0 .scope module, "regfile_mux" "regfile_mux" 17 3;
 .timescale -9 -12;
    .port_info 0 /INPUT 3 "RB";
    .port_info 1 /INPUT 3 "RDi";
    .port_info 2 /INPUT 1 "RegDst";
    .port_info 3 /OUTPUT 3 "RDo";
o00000239bc143b68 .functor BUFZ 3, C4<zzz>; HiZ drive
v00000239bc1742e0_0 .net "RB", 2 0, o00000239bc143b68;  0 drivers
o00000239bc143b98 .functor BUFZ 3, C4<zzz>; HiZ drive
v00000239bc174380_0 .net "RDi", 2 0, o00000239bc143b98;  0 drivers
v00000239bc1747e0_0 .var "RDo", 2 0;
o00000239bc143bf8 .functor BUFZ 1, C4<z>; HiZ drive
v00000239bc175280_0 .net "RegDst", 0 0, o00000239bc143bf8;  0 drivers
E_00000239bc0fa3e0 .event anyedge, v00000239bc175280_0, v00000239bc1742e0_0, v00000239bc174380_0;
S_00000239bc110cc0 .scope module, "register256x8" "register256x8" 18 3;
 .timescale -9 -9;
    .port_info 0 /INPUT 1 "clk";
    .port_info 1 /INPUT 1 "mem_read";
    .port_info 2 /INPUT 1 "mem_write";
    .port_info 3 /INPUT 8 "aluout_in";
    .port_info 4 /INPUT 8 "address_in";
    .port_info 5 /OUTPUT 8 "memtoreg_out";
o00000239bc143ce8 .functor BUFZ 8, C4<zzzzzzzz>; HiZ drive
v00000239bc174ec0_0 .net "address_in", 7 0, o00000239bc143ce8;  0 drivers
o00000239bc143d18 .functor BUFZ 8, C4<zzzzzzzz>; HiZ drive
v00000239bc1744c0_0 .net "aluout_in", 7 0, o00000239bc143d18;  0 drivers
o00000239bc143d48 .functor BUFZ 1, C4<z>; HiZ drive
v00000239bc175820_0 .net "clk", 0 0, o00000239bc143d48;  0 drivers
o00000239bc143d78 .functor BUFZ 1, C4<z>; HiZ drive
v00000239bc1749c0_0 .net "mem_read", 0 0, o00000239bc143d78;  0 drivers
o00000239bc143da8 .functor BUFZ 1, C4<z>; HiZ drive
v00000239bc1755a0_0 .net "mem_write", 0 0, o00000239bc143da8;  0 drivers
v00000239bc174ba0 .array "memory_array", 0 255, 7 0;
v00000239bc174560_0 .var "memtoreg_out", 7 0;
v00000239bc174ba0_0 .array/port v00000239bc174ba0, 0;
v00000239bc174ba0_1 .array/port v00000239bc174ba0, 1;
E_00000239bc0fa420/0 .event anyedge, v00000239bc1749c0_0, v00000239bc174ec0_0, v00000239bc174ba0_0, v00000239bc174ba0_1;
v00000239bc174ba0_2 .array/port v00000239bc174ba0, 2;
v00000239bc174ba0_3 .array/port v00000239bc174ba0, 3;
v00000239bc174ba0_4 .array/port v00000239bc174ba0, 4;
v00000239bc174ba0_5 .array/port v00000239bc174ba0, 5;
E_00000239bc0fa420/1 .event anyedge, v00000239bc174ba0_2, v00000239bc174ba0_3, v00000239bc174ba0_4, v00000239bc174ba0_5;
v00000239bc174ba0_6 .array/port v00000239bc174ba0, 6;
v00000239bc174ba0_7 .array/port v00000239bc174ba0, 7;
v00000239bc174ba0_8 .array/port v00000239bc174ba0, 8;
v00000239bc174ba0_9 .array/port v00000239bc174ba0, 9;
E_00000239bc0fa420/2 .event anyedge, v00000239bc174ba0_6, v00000239bc174ba0_7, v00000239bc174ba0_8, v00000239bc174ba0_9;
v00000239bc174ba0_10 .array/port v00000239bc174ba0, 10;
v00000239bc174ba0_11 .array/port v00000239bc174ba0, 11;
v00000239bc174ba0_12 .array/port v00000239bc174ba0, 12;
v00000239bc174ba0_13 .array/port v00000239bc174ba0, 13;
E_00000239bc0fa420/3 .event anyedge, v00000239bc174ba0_10, v00000239bc174ba0_11, v00000239bc174ba0_12, v00000239bc174ba0_13;
v00000239bc174ba0_14 .array/port v00000239bc174ba0, 14;
v00000239bc174ba0_15 .array/port v00000239bc174ba0, 15;
v00000239bc174ba0_16 .array/port v00000239bc174ba0, 16;
v00000239bc174ba0_17 .array/port v00000239bc174ba0, 17;
E_00000239bc0fa420/4 .event anyedge, v00000239bc174ba0_14, v00000239bc174ba0_15, v00000239bc174ba0_16, v00000239bc174ba0_17;
v00000239bc174ba0_18 .array/port v00000239bc174ba0, 18;
v00000239bc174ba0_19 .array/port v00000239bc174ba0, 19;
v00000239bc174ba0_20 .array/port v00000239bc174ba0, 20;
v00000239bc174ba0_21 .array/port v00000239bc174ba0, 21;
E_00000239bc0fa420/5 .event anyedge, v00000239bc174ba0_18, v00000239bc174ba0_19, v00000239bc174ba0_20, v00000239bc174ba0_21;
v00000239bc174ba0_22 .array/port v00000239bc174ba0, 22;
v00000239bc174ba0_23 .array/port v00000239bc174ba0, 23;
v00000239bc174ba0_24 .array/port v00000239bc174ba0, 24;
v00000239bc174ba0_25 .array/port v00000239bc174ba0, 25;
E_00000239bc0fa420/6 .event anyedge, v00000239bc174ba0_22, v00000239bc174ba0_23, v00000239bc174ba0_24, v00000239bc174ba0_25;
v00000239bc174ba0_26 .array/port v00000239bc174ba0, 26;
v00000239bc174ba0_27 .array/port v00000239bc174ba0, 27;
v00000239bc174ba0_28 .array/port v00000239bc174ba0, 28;
v00000239bc174ba0_29 .array/port v00000239bc174ba0, 29;
E_00000239bc0fa420/7 .event anyedge, v00000239bc174ba0_26, v00000239bc174ba0_27, v00000239bc174ba0_28, v00000239bc174ba0_29;
v00000239bc174ba0_30 .array/port v00000239bc174ba0, 30;
v00000239bc174ba0_31 .array/port v00000239bc174ba0, 31;
v00000239bc174ba0_32 .array/port v00000239bc174ba0, 32;
v00000239bc174ba0_33 .array/port v00000239bc174ba0, 33;
E_00000239bc0fa420/8 .event anyedge, v00000239bc174ba0_30, v00000239bc174ba0_31, v00000239bc174ba0_32, v00000239bc174ba0_33;
v00000239bc174ba0_34 .array/port v00000239bc174ba0, 34;
v00000239bc174ba0_35 .array/port v00000239bc174ba0, 35;
v00000239bc174ba0_36 .array/port v00000239bc174ba0, 36;
v00000239bc174ba0_37 .array/port v00000239bc174ba0, 37;
E_00000239bc0fa420/9 .event anyedge, v00000239bc174ba0_34, v00000239bc174ba0_35, v00000239bc174ba0_36, v00000239bc174ba0_37;
v00000239bc174ba0_38 .array/port v00000239bc174ba0, 38;
v00000239bc174ba0_39 .array/port v00000239bc174ba0, 39;
v00000239bc174ba0_40 .array/port v00000239bc174ba0, 40;
v00000239bc174ba0_41 .array/port v00000239bc174ba0, 41;
E_00000239bc0fa420/10 .event anyedge, v00000239bc174ba0_38, v00000239bc174ba0_39, v00000239bc174ba0_40, v00000239bc174ba0_41;
v00000239bc174ba0_42 .array/port v00000239bc174ba0, 42;
v00000239bc174ba0_43 .array/port v00000239bc174ba0, 43;
v00000239bc174ba0_44 .array/port v00000239bc174ba0, 44;
v00000239bc174ba0_45 .array/port v00000239bc174ba0, 45;
E_00000239bc0fa420/11 .event anyedge, v00000239bc174ba0_42, v00000239bc174ba0_43, v00000239bc174ba0_44, v00000239bc174ba0_45;
v00000239bc174ba0_46 .array/port v00000239bc174ba0, 46;
v00000239bc174ba0_47 .array/port v00000239bc174ba0, 47;
v00000239bc174ba0_48 .array/port v00000239bc174ba0, 48;
v00000239bc174ba0_49 .array/port v00000239bc174ba0, 49;
E_00000239bc0fa420/12 .event anyedge, v00000239bc174ba0_46, v00000239bc174ba0_47, v00000239bc174ba0_48, v00000239bc174ba0_49;
v00000239bc174ba0_50 .array/port v00000239bc174ba0, 50;
v00000239bc174ba0_51 .array/port v00000239bc174ba0, 51;
v00000239bc174ba0_52 .array/port v00000239bc174ba0, 52;
v00000239bc174ba0_53 .array/port v00000239bc174ba0, 53;
E_00000239bc0fa420/13 .event anyedge, v00000239bc174ba0_50, v00000239bc174ba0_51, v00000239bc174ba0_52, v00000239bc174ba0_53;
v00000239bc174ba0_54 .array/port v00000239bc174ba0, 54;
v00000239bc174ba0_55 .array/port v00000239bc174ba0, 55;
v00000239bc174ba0_56 .array/port v00000239bc174ba0, 56;
v00000239bc174ba0_57 .array/port v00000239bc174ba0, 57;
E_00000239bc0fa420/14 .event anyedge, v00000239bc174ba0_54, v00000239bc174ba0_55, v00000239bc174ba0_56, v00000239bc174ba0_57;
v00000239bc174ba0_58 .array/port v00000239bc174ba0, 58;
v00000239bc174ba0_59 .array/port v00000239bc174ba0, 59;
v00000239bc174ba0_60 .array/port v00000239bc174ba0, 60;
v00000239bc174ba0_61 .array/port v00000239bc174ba0, 61;
E_00000239bc0fa420/15 .event anyedge, v00000239bc174ba0_58, v00000239bc174ba0_59, v00000239bc174ba0_60, v00000239bc174ba0_61;
v00000239bc174ba0_62 .array/port v00000239bc174ba0, 62;
v00000239bc174ba0_63 .array/port v00000239bc174ba0, 63;
v00000239bc174ba0_64 .array/port v00000239bc174ba0, 64;
v00000239bc174ba0_65 .array/port v00000239bc174ba0, 65;
E_00000239bc0fa420/16 .event anyedge, v00000239bc174ba0_62, v00000239bc174ba0_63, v00000239bc174ba0_64, v00000239bc174ba0_65;
v00000239bc174ba0_66 .array/port v00000239bc174ba0, 66;
v00000239bc174ba0_67 .array/port v00000239bc174ba0, 67;
v00000239bc174ba0_68 .array/port v00000239bc174ba0, 68;
v00000239bc174ba0_69 .array/port v00000239bc174ba0, 69;
E_00000239bc0fa420/17 .event anyedge, v00000239bc174ba0_66, v00000239bc174ba0_67, v00000239bc174ba0_68, v00000239bc174ba0_69;
v00000239bc174ba0_70 .array/port v00000239bc174ba0, 70;
v00000239bc174ba0_71 .array/port v00000239bc174ba0, 71;
v00000239bc174ba0_72 .array/port v00000239bc174ba0, 72;
v00000239bc174ba0_73 .array/port v00000239bc174ba0, 73;
E_00000239bc0fa420/18 .event anyedge, v00000239bc174ba0_70, v00000239bc174ba0_71, v00000239bc174ba0_72, v00000239bc174ba0_73;
v00000239bc174ba0_74 .array/port v00000239bc174ba0, 74;
v00000239bc174ba0_75 .array/port v00000239bc174ba0, 75;
v00000239bc174ba0_76 .array/port v00000239bc174ba0, 76;
v00000239bc174ba0_77 .array/port v00000239bc174ba0, 77;
E_00000239bc0fa420/19 .event anyedge, v00000239bc174ba0_74, v00000239bc174ba0_75, v00000239bc174ba0_76, v00000239bc174ba0_77;
v00000239bc174ba0_78 .array/port v00000239bc174ba0, 78;
v00000239bc174ba0_79 .array/port v00000239bc174ba0, 79;
v00000239bc174ba0_80 .array/port v00000239bc174ba0, 80;
v00000239bc174ba0_81 .array/port v00000239bc174ba0, 81;
E_00000239bc0fa420/20 .event anyedge, v00000239bc174ba0_78, v00000239bc174ba0_79, v00000239bc174ba0_80, v00000239bc174ba0_81;
v00000239bc174ba0_82 .array/port v00000239bc174ba0, 82;
v00000239bc174ba0_83 .array/port v00000239bc174ba0, 83;
v00000239bc174ba0_84 .array/port v00000239bc174ba0, 84;
v00000239bc174ba0_85 .array/port v00000239bc174ba0, 85;
E_00000239bc0fa420/21 .event anyedge, v00000239bc174ba0_82, v00000239bc174ba0_83, v00000239bc174ba0_84, v00000239bc174ba0_85;
v00000239bc174ba0_86 .array/port v00000239bc174ba0, 86;
v00000239bc174ba0_87 .array/port v00000239bc174ba0, 87;
v00000239bc174ba0_88 .array/port v00000239bc174ba0, 88;
v00000239bc174ba0_89 .array/port v00000239bc174ba0, 89;
E_00000239bc0fa420/22 .event anyedge, v00000239bc174ba0_86, v00000239bc174ba0_87, v00000239bc174ba0_88, v00000239bc174ba0_89;
v00000239bc174ba0_90 .array/port v00000239bc174ba0, 90;
v00000239bc174ba0_91 .array/port v00000239bc174ba0, 91;
v00000239bc174ba0_92 .array/port v00000239bc174ba0, 92;
v00000239bc174ba0_93 .array/port v00000239bc174ba0, 93;
E_00000239bc0fa420/23 .event anyedge, v00000239bc174ba0_90, v00000239bc174ba0_91, v00000239bc174ba0_92, v00000239bc174ba0_93;
v00000239bc174ba0_94 .array/port v00000239bc174ba0, 94;
v00000239bc174ba0_95 .array/port v00000239bc174ba0, 95;
v00000239bc174ba0_96 .array/port v00000239bc174ba0, 96;
v00000239bc174ba0_97 .array/port v00000239bc174ba0, 97;
E_00000239bc0fa420/24 .event anyedge, v00000239bc174ba0_94, v00000239bc174ba0_95, v00000239bc174ba0_96, v00000239bc174ba0_97;
v00000239bc174ba0_98 .array/port v00000239bc174ba0, 98;
v00000239bc174ba0_99 .array/port v00000239bc174ba0, 99;
v00000239bc174ba0_100 .array/port v00000239bc174ba0, 100;
v00000239bc174ba0_101 .array/port v00000239bc174ba0, 101;
E_00000239bc0fa420/25 .event anyedge, v00000239bc174ba0_98, v00000239bc174ba0_99, v00000239bc174ba0_100, v00000239bc174ba0_101;
v00000239bc174ba0_102 .array/port v00000239bc174ba0, 102;
v00000239bc174ba0_103 .array/port v00000239bc174ba0, 103;
v00000239bc174ba0_104 .array/port v00000239bc174ba0, 104;
v00000239bc174ba0_105 .array/port v00000239bc174ba0, 105;
E_00000239bc0fa420/26 .event anyedge, v00000239bc174ba0_102, v00000239bc174ba0_103, v00000239bc174ba0_104, v00000239bc174ba0_105;
v00000239bc174ba0_106 .array/port v00000239bc174ba0, 106;
v00000239bc174ba0_107 .array/port v00000239bc174ba0, 107;
v00000239bc174ba0_108 .array/port v00000239bc174ba0, 108;
v00000239bc174ba0_109 .array/port v00000239bc174ba0, 109;
E_00000239bc0fa420/27 .event anyedge, v00000239bc174ba0_106, v00000239bc174ba0_107, v00000239bc174ba0_108, v00000239bc174ba0_109;
v00000239bc174ba0_110 .array/port v00000239bc174ba0, 110;
v00000239bc174ba0_111 .array/port v00000239bc174ba0, 111;
v00000239bc174ba0_112 .array/port v00000239bc174ba0, 112;
v00000239bc174ba0_113 .array/port v00000239bc174ba0, 113;
E_00000239bc0fa420/28 .event anyedge, v00000239bc174ba0_110, v00000239bc174ba0_111, v00000239bc174ba0_112, v00000239bc174ba0_113;
v00000239bc174ba0_114 .array/port v00000239bc174ba0, 114;
v00000239bc174ba0_115 .array/port v00000239bc174ba0, 115;
v00000239bc174ba0_116 .array/port v00000239bc174ba0, 116;
v00000239bc174ba0_117 .array/port v00000239bc174ba0, 117;
E_00000239bc0fa420/29 .event anyedge, v00000239bc174ba0_114, v00000239bc174ba0_115, v00000239bc174ba0_116, v00000239bc174ba0_117;
v00000239bc174ba0_118 .array/port v00000239bc174ba0, 118;
v00000239bc174ba0_119 .array/port v00000239bc174ba0, 119;
v00000239bc174ba0_120 .array/port v00000239bc174ba0, 120;
v00000239bc174ba0_121 .array/port v00000239bc174ba0, 121;
E_00000239bc0fa420/30 .event anyedge, v00000239bc174ba0_118, v00000239bc174ba0_119, v00000239bc174ba0_120, v00000239bc174ba0_121;
v00000239bc174ba0_122 .array/port v00000239bc174ba0, 122;
v00000239bc174ba0_123 .array/port v00000239bc174ba0, 123;
v00000239bc174ba0_124 .array/port v00000239bc174ba0, 124;
v00000239bc174ba0_125 .array/port v00000239bc174ba0, 125;
E_00000239bc0fa420/31 .event anyedge, v00000239bc174ba0_122, v00000239bc174ba0_123, v00000239bc174ba0_124, v00000239bc174ba0_125;
v00000239bc174ba0_126 .array/port v00000239bc174ba0, 126;
v00000239bc174ba0_127 .array/port v00000239bc174ba0, 127;
v00000239bc174ba0_128 .array/port v00000239bc174ba0, 128;
v00000239bc174ba0_129 .array/port v00000239bc174ba0, 129;
E_00000239bc0fa420/32 .event anyedge, v00000239bc174ba0_126, v00000239bc174ba0_127, v00000239bc174ba0_128, v00000239bc174ba0_129;
v00000239bc174ba0_130 .array/port v00000239bc174ba0, 130;
v00000239bc174ba0_131 .array/port v00000239bc174ba0, 131;
v00000239bc174ba0_132 .array/port v00000239bc174ba0, 132;
v00000239bc174ba0_133 .array/port v00000239bc174ba0, 133;
E_00000239bc0fa420/33 .event anyedge, v00000239bc174ba0_130, v00000239bc174ba0_131, v00000239bc174ba0_132, v00000239bc174ba0_133;
v00000239bc174ba0_134 .array/port v00000239bc174ba0, 134;
v00000239bc174ba0_135 .array/port v00000239bc174ba0, 135;
v00000239bc174ba0_136 .array/port v00000239bc174ba0, 136;
v00000239bc174ba0_137 .array/port v00000239bc174ba0, 137;
E_00000239bc0fa420/34 .event anyedge, v00000239bc174ba0_134, v00000239bc174ba0_135, v00000239bc174ba0_136, v00000239bc174ba0_137;
v00000239bc174ba0_138 .array/port v00000239bc174ba0, 138;
v00000239bc174ba0_139 .array/port v00000239bc174ba0, 139;
v00000239bc174ba0_140 .array/port v00000239bc174ba0, 140;
v00000239bc174ba0_141 .array/port v00000239bc174ba0, 141;
E_00000239bc0fa420/35 .event anyedge, v00000239bc174ba0_138, v00000239bc174ba0_139, v00000239bc174ba0_140, v00000239bc174ba0_141;
v00000239bc174ba0_142 .array/port v00000239bc174ba0, 142;
v00000239bc174ba0_143 .array/port v00000239bc174ba0, 143;
v00000239bc174ba0_144 .array/port v00000239bc174ba0, 144;
v00000239bc174ba0_145 .array/port v00000239bc174ba0, 145;
E_00000239bc0fa420/36 .event anyedge, v00000239bc174ba0_142, v00000239bc174ba0_143, v00000239bc174ba0_144, v00000239bc174ba0_145;
v00000239bc174ba0_146 .array/port v00000239bc174ba0, 146;
v00000239bc174ba0_147 .array/port v00000239bc174ba0, 147;
v00000239bc174ba0_148 .array/port v00000239bc174ba0, 148;
v00000239bc174ba0_149 .array/port v00000239bc174ba0, 149;
E_00000239bc0fa420/37 .event anyedge, v00000239bc174ba0_146, v00000239bc174ba0_147, v00000239bc174ba0_148, v00000239bc174ba0_149;
v00000239bc174ba0_150 .array/port v00000239bc174ba0, 150;
v00000239bc174ba0_151 .array/port v00000239bc174ba0, 151;
v00000239bc174ba0_152 .array/port v00000239bc174ba0, 152;
v00000239bc174ba0_153 .array/port v00000239bc174ba0, 153;
E_00000239bc0fa420/38 .event anyedge, v00000239bc174ba0_150, v00000239bc174ba0_151, v00000239bc174ba0_152, v00000239bc174ba0_153;
v00000239bc174ba0_154 .array/port v00000239bc174ba0, 154;
v00000239bc174ba0_155 .array/port v00000239bc174ba0, 155;
v00000239bc174ba0_156 .array/port v00000239bc174ba0, 156;
v00000239bc174ba0_157 .array/port v00000239bc174ba0, 157;
E_00000239bc0fa420/39 .event anyedge, v00000239bc174ba0_154, v00000239bc174ba0_155, v00000239bc174ba0_156, v00000239bc174ba0_157;
v00000239bc174ba0_158 .array/port v00000239bc174ba0, 158;
v00000239bc174ba0_159 .array/port v00000239bc174ba0, 159;
v00000239bc174ba0_160 .array/port v00000239bc174ba0, 160;
v00000239bc174ba0_161 .array/port v00000239bc174ba0, 161;
E_00000239bc0fa420/40 .event anyedge, v00000239bc174ba0_158, v00000239bc174ba0_159, v00000239bc174ba0_160, v00000239bc174ba0_161;
v00000239bc174ba0_162 .array/port v00000239bc174ba0, 162;
v00000239bc174ba0_163 .array/port v00000239bc174ba0, 163;
v00000239bc174ba0_164 .array/port v00000239bc174ba0, 164;
v00000239bc174ba0_165 .array/port v00000239bc174ba0, 165;
E_00000239bc0fa420/41 .event anyedge, v00000239bc174ba0_162, v00000239bc174ba0_163, v00000239bc174ba0_164, v00000239bc174ba0_165;
v00000239bc174ba0_166 .array/port v00000239bc174ba0, 166;
v00000239bc174ba0_167 .array/port v00000239bc174ba0, 167;
v00000239bc174ba0_168 .array/port v00000239bc174ba0, 168;
v00000239bc174ba0_169 .array/port v00000239bc174ba0, 169;
E_00000239bc0fa420/42 .event anyedge, v00000239bc174ba0_166, v00000239bc174ba0_167, v00000239bc174ba0_168, v00000239bc174ba0_169;
v00000239bc174ba0_170 .array/port v00000239bc174ba0, 170;
v00000239bc174ba0_171 .array/port v00000239bc174ba0, 171;
v00000239bc174ba0_172 .array/port v00000239bc174ba0, 172;
v00000239bc174ba0_173 .array/port v00000239bc174ba0, 173;
E_00000239bc0fa420/43 .event anyedge, v00000239bc174ba0_170, v00000239bc174ba0_171, v00000239bc174ba0_172, v00000239bc174ba0_173;
v00000239bc174ba0_174 .array/port v00000239bc174ba0, 174;
v00000239bc174ba0_175 .array/port v00000239bc174ba0, 175;
v00000239bc174ba0_176 .array/port v00000239bc174ba0, 176;
v00000239bc174ba0_177 .array/port v00000239bc174ba0, 177;
E_00000239bc0fa420/44 .event anyedge, v00000239bc174ba0_174, v00000239bc174ba0_175, v00000239bc174ba0_176, v00000239bc174ba0_177;
v00000239bc174ba0_178 .array/port v00000239bc174ba0, 178;
v00000239bc174ba0_179 .array/port v00000239bc174ba0, 179;
v00000239bc174ba0_180 .array/port v00000239bc174ba0, 180;
v00000239bc174ba0_181 .array/port v00000239bc174ba0, 181;
E_00000239bc0fa420/45 .event anyedge, v00000239bc174ba0_178, v00000239bc174ba0_179, v00000239bc174ba0_180, v00000239bc174ba0_181;
v00000239bc174ba0_182 .array/port v00000239bc174ba0, 182;
v00000239bc174ba0_183 .array/port v00000239bc174ba0, 183;
v00000239bc174ba0_184 .array/port v00000239bc174ba0, 184;
v00000239bc174ba0_185 .array/port v00000239bc174ba0, 185;
E_00000239bc0fa420/46 .event anyedge, v00000239bc174ba0_182, v00000239bc174ba0_183, v00000239bc174ba0_184, v00000239bc174ba0_185;
v00000239bc174ba0_186 .array/port v00000239bc174ba0, 186;
v00000239bc174ba0_187 .array/port v00000239bc174ba0, 187;
v00000239bc174ba0_188 .array/port v00000239bc174ba0, 188;
v00000239bc174ba0_189 .array/port v00000239bc174ba0, 189;
E_00000239bc0fa420/47 .event anyedge, v00000239bc174ba0_186, v00000239bc174ba0_187, v00000239bc174ba0_188, v00000239bc174ba0_189;
v00000239bc174ba0_190 .array/port v00000239bc174ba0, 190;
v00000239bc174ba0_191 .array/port v00000239bc174ba0, 191;
v00000239bc174ba0_192 .array/port v00000239bc174ba0, 192;
v00000239bc174ba0_193 .array/port v00000239bc174ba0, 193;
E_00000239bc0fa420/48 .event anyedge, v00000239bc174ba0_190, v00000239bc174ba0_191, v00000239bc174ba0_192, v00000239bc174ba0_193;
v00000239bc174ba0_194 .array/port v00000239bc174ba0, 194;
v00000239bc174ba0_195 .array/port v00000239bc174ba0, 195;
v00000239bc174ba0_196 .array/port v00000239bc174ba0, 196;
v00000239bc174ba0_197 .array/port v00000239bc174ba0, 197;
E_00000239bc0fa420/49 .event anyedge, v00000239bc174ba0_194, v00000239bc174ba0_195, v00000239bc174ba0_196, v00000239bc174ba0_197;
v00000239bc174ba0_198 .array/port v00000239bc174ba0, 198;
v00000239bc174ba0_199 .array/port v00000239bc174ba0, 199;
v00000239bc174ba0_200 .array/port v00000239bc174ba0, 200;
v00000239bc174ba0_201 .array/port v00000239bc174ba0, 201;
E_00000239bc0fa420/50 .event anyedge, v00000239bc174ba0_198, v00000239bc174ba0_199, v00000239bc174ba0_200, v00000239bc174ba0_201;
v00000239bc174ba0_202 .array/port v00000239bc174ba0, 202;
v00000239bc174ba0_203 .array/port v00000239bc174ba0, 203;
v00000239bc174ba0_204 .array/port v00000239bc174ba0, 204;
v00000239bc174ba0_205 .array/port v00000239bc174ba0, 205;
E_00000239bc0fa420/51 .event anyedge, v00000239bc174ba0_202, v00000239bc174ba0_203, v00000239bc174ba0_204, v00000239bc174ba0_205;
v00000239bc174ba0_206 .array/port v00000239bc174ba0, 206;
v00000239bc174ba0_207 .array/port v00000239bc174ba0, 207;
v00000239bc174ba0_208 .array/port v00000239bc174ba0, 208;
v00000239bc174ba0_209 .array/port v00000239bc174ba0, 209;
E_00000239bc0fa420/52 .event anyedge, v00000239bc174ba0_206, v00000239bc174ba0_207, v00000239bc174ba0_208, v00000239bc174ba0_209;
v00000239bc174ba0_210 .array/port v00000239bc174ba0, 210;
v00000239bc174ba0_211 .array/port v00000239bc174ba0, 211;
v00000239bc174ba0_212 .array/port v00000239bc174ba0, 212;
v00000239bc174ba0_213 .array/port v00000239bc174ba0, 213;
E_00000239bc0fa420/53 .event anyedge, v00000239bc174ba0_210, v00000239bc174ba0_211, v00000239bc174ba0_212, v00000239bc174ba0_213;
v00000239bc174ba0_214 .array/port v00000239bc174ba0, 214;
v00000239bc174ba0_215 .array/port v00000239bc174ba0, 215;
v00000239bc174ba0_216 .array/port v00000239bc174ba0, 216;
v00000239bc174ba0_217 .array/port v00000239bc174ba0, 217;
E_00000239bc0fa420/54 .event anyedge, v00000239bc174ba0_214, v00000239bc174ba0_215, v00000239bc174ba0_216, v00000239bc174ba0_217;
v00000239bc174ba0_218 .array/port v00000239bc174ba0, 218;
v00000239bc174ba0_219 .array/port v00000239bc174ba0, 219;
v00000239bc174ba0_220 .array/port v00000239bc174ba0, 220;
v00000239bc174ba0_221 .array/port v00000239bc174ba0, 221;
E_00000239bc0fa420/55 .event anyedge, v00000239bc174ba0_218, v00000239bc174ba0_219, v00000239bc174ba0_220, v00000239bc174ba0_221;
v00000239bc174ba0_222 .array/port v00000239bc174ba0, 222;
v00000239bc174ba0_223 .array/port v00000239bc174ba0, 223;
v00000239bc174ba0_224 .array/port v00000239bc174ba0, 224;
v00000239bc174ba0_225 .array/port v00000239bc174ba0, 225;
E_00000239bc0fa420/56 .event anyedge, v00000239bc174ba0_222, v00000239bc174ba0_223, v00000239bc174ba0_224, v00000239bc174ba0_225;
v00000239bc174ba0_226 .array/port v00000239bc174ba0, 226;
v00000239bc174ba0_227 .array/port v00000239bc174ba0, 227;
v00000239bc174ba0_228 .array/port v00000239bc174ba0, 228;
v00000239bc174ba0_229 .array/port v00000239bc174ba0, 229;
E_00000239bc0fa420/57 .event anyedge, v00000239bc174ba0_226, v00000239bc174ba0_227, v00000239bc174ba0_228, v00000239bc174ba0_229;
v00000239bc174ba0_230 .array/port v00000239bc174ba0, 230;
v00000239bc174ba0_231 .array/port v00000239bc174ba0, 231;
v00000239bc174ba0_232 .array/port v00000239bc174ba0, 232;
v00000239bc174ba0_233 .array/port v00000239bc174ba0, 233;
E_00000239bc0fa420/58 .event anyedge, v00000239bc174ba0_230, v00000239bc174ba0_231, v00000239bc174ba0_232, v00000239bc174ba0_233;
v00000239bc174ba0_234 .array/port v00000239bc174ba0, 234;
v00000239bc174ba0_235 .array/port v00000239bc174ba0, 235;
v00000239bc174ba0_236 .array/port v00000239bc174ba0, 236;
v00000239bc174ba0_237 .array/port v00000239bc174ba0, 237;
E_00000239bc0fa420/59 .event anyedge, v00000239bc174ba0_234, v00000239bc174ba0_235, v00000239bc174ba0_236, v00000239bc174ba0_237;
v00000239bc174ba0_238 .array/port v00000239bc174ba0, 238;
v00000239bc174ba0_239 .array/port v00000239bc174ba0, 239;
v00000239bc174ba0_240 .array/port v00000239bc174ba0, 240;
v00000239bc174ba0_241 .array/port v00000239bc174ba0, 241;
E_00000239bc0fa420/60 .event anyedge, v00000239bc174ba0_238, v00000239bc174ba0_239, v00000239bc174ba0_240, v00000239bc174ba0_241;
v00000239bc174ba0_242 .array/port v00000239bc174ba0, 242;
v00000239bc174ba0_243 .array/port v00000239bc174ba0, 243;
v00000239bc174ba0_244 .array/port v00000239bc174ba0, 244;
v00000239bc174ba0_245 .array/port v00000239bc174ba0, 245;
E_00000239bc0fa420/61 .event anyedge, v00000239bc174ba0_242, v00000239bc174ba0_243, v00000239bc174ba0_244, v00000239bc174ba0_245;
v00000239bc174ba0_246 .array/port v00000239bc174ba0, 246;
v00000239bc174ba0_247 .array/port v00000239bc174ba0, 247;
v00000239bc174ba0_248 .array/port v00000239bc174ba0, 248;
v00000239bc174ba0_249 .array/port v00000239bc174ba0, 249;
E_00000239bc0fa420/62 .event anyedge, v00000239bc174ba0_246, v00000239bc174ba0_247, v00000239bc174ba0_248, v00000239bc174ba0_249;
v00000239bc174ba0_250 .array/port v00000239bc174ba0, 250;
v00000239bc174ba0_251 .array/port v00000239bc174ba0, 251;
v00000239bc174ba0_252 .array/port v00000239bc174ba0, 252;
v00000239bc174ba0_253 .array/port v00000239bc174ba0, 253;
E_00000239bc0fa420/63 .event anyedge, v00000239bc174ba0_250, v00000239bc174ba0_251, v00000239bc174ba0_252, v00000239bc174ba0_253;
v00000239bc174ba0_254 .array/port v00000239bc174ba0, 254;
v00000239bc174ba0_255 .array/port v00000239bc174ba0, 255;
E_00000239bc0fa420/64 .event anyedge, v00000239bc174ba0_254, v00000239bc174ba0_255;
E_00000239bc0fa420 .event/or E_00000239bc0fa420/0, E_00000239bc0fa420/1, E_00000239bc0fa420/2, E_00000239bc0fa420/3, E_00000239bc0fa420/4, E_00000239bc0fa420/5, E_00000239bc0fa420/6, E_00000239bc0fa420/7, E_00000239bc0fa420/8, E_00000239bc0fa420/9, E_00000239bc0fa420/10, E_00000239bc0fa420/11, E_00000239bc0fa420/12, E_00000239bc0fa420/13, E_00000239bc0fa420/14, E_00000239bc0fa420/15, E_00000239bc0fa420/16, E_00000239bc0fa420/17, E_00000239bc0fa420/18, E_00000239bc0fa420/19, E_00000239bc0fa420/20, E_00000239bc0fa420/21, E_00000239bc0fa420/22, E_00000239bc0fa420/23, E_00000239bc0fa420/24, E_00000239bc0fa420/25, E_00000239bc0fa420/26, E_00000239bc0fa420/27, E_00000239bc0fa420/28, E_00000239bc0fa420/29, E_00000239bc0fa420/30, E_00000239bc0fa420/31, E_00000239bc0fa420/32, E_00000239bc0fa420/33, E_00000239bc0fa420/34, E_00000239bc0fa420/35, E_00000239bc0fa420/36, E_00000239bc0fa420/37, E_00000239bc0fa420/38, E_00000239bc0fa420/39, E_00000239bc0fa420/40, E_00000239bc0fa420/41, E_00000239bc0fa420/42, E_00000239bc0fa420/43, E_00000239bc0fa420/44, E_00000239bc0fa420/45, E_00000239bc0fa420/46, E_00000239bc0fa420/47, E_00000239bc0fa420/48, E_00000239bc0fa420/49, E_00000239bc0fa420/50, E_00000239bc0fa420/51, E_00000239bc0fa420/52, E_00000239bc0fa420/53, E_00000239bc0fa420/54, E_00000239bc0fa420/55, E_00000239bc0fa420/56, E_00000239bc0fa420/57, E_00000239bc0fa420/58, E_00000239bc0fa420/59, E_00000239bc0fa420/60, E_00000239bc0fa420/61, E_00000239bc0fa420/62, E_00000239bc0fa420/63, E_00000239bc0fa420/64;
E_00000239bc0f9ea0 .event posedge, v00000239bc175820_0;
    .scope S_00000239bc109850;
T_0 ;
    %wait E_00000239bc0fa020;
    %load/vec4 v00000239bc13a600_0;
    %assign/vec4 v00000239bc0ffbb0_0, 0;
    %load/vec4 v00000239bc13a240_0;
    %assign/vec4 v00000239bc0ffc50_0, 0;
    %load/vec4 v00000239bc139ac0_0;
    %assign/vec4 v00000239bc0ffcf0_0, 0;
    %load/vec4 v00000239bc139980_0;
    %assign/vec4 v00000239bc139a20_0, 0;
    %load/vec4 v00000239bc13aba0_0;
    %assign/vec4 v00000239bc13b5a0_0, 0;
    %load/vec4 v00000239bc13a060_0;
    %assign/vec4 v00000239bc13b3c0_0, 0;
    %load/vec4 v00000239bc139fc0_0;
    %assign/vec4 v00000239bc0ffe30_0, 0;
    %load/vec4 v00000239bc13a2e0_0;
    %assign/vec4 v00000239bc1001f0_0, 0;
    %load/vec4 v00000239bc100150_0;
    %assign/vec4 v00000239bc0ffa70_0, 0;
    %load/vec4 v00000239bc100010_0;
    %assign/vec4 v00000239bc100330_0, 0;
    %load/vec4 v00000239bc139e80_0;
    %assign/vec4 v00000239bc1003d0_0, 0;
    %load/vec4 v00000239bc139f20_0;
    %assign/vec4 v00000239bc0fff70_0, 0;
    %load/vec4 v00000239bc13af60_0;
    %assign/vec4 v00000239bc0ff750_0, 0;
    %jmp T_0;
    .thread T_0, $push;
    .scope S_00000239bc109850;
T_1 ;
    %wait E_00000239bc0fa560;
    %load/vec4 v00000239bc0ffbb0_0;
    %assign/vec4 v00000239bc13ac40_0, 0;
    %load/vec4 v00000239bc0ffc50_0;
    %assign/vec4 v00000239bc13ab00_0, 0;
    %load/vec4 v00000239bc0ffcf0_0;
    %assign/vec4 v00000239bc13b280_0, 0;
    %load/vec4 v00000239bc139a20_0;
    %assign/vec4 v00000239bc13a380_0, 0;
    %load/vec4 v00000239bc13b5a0_0;
    %assign/vec4 v00000239bc13b640_0, 0;
    %load/vec4 v00000239bc13b3c0_0;
    %assign/vec4 v00000239bc13a100_0, 0;
    %load/vec4 v00000239bc0ffe30_0;
    %assign/vec4 v00000239bc13a880_0, 0;
    %load/vec4 v00000239bc1001f0_0;
    %assign/vec4 v00000239bc13b0a0_0, 0;
    %load/vec4 v00000239bc0ffa70_0;
    %assign/vec4 v00000239bc13a1a0_0, 0;
    %load/vec4 v00000239bc100330_0;
    %assign/vec4 v00000239bc139d40_0, 0;
    %load/vec4 v00000239bc1003d0_0;
    %assign/vec4 v00000239bc13a920_0, 0;
    %load/vec4 v00000239bc0fff70_0;
    %assign/vec4 v00000239bc13b000_0, 0;
    %load/vec4 v00000239bc0ff750_0;
    %assign/vec4 v00000239bc13ae20_0, 0;
    %jmp T_1;
    .thread T_1;
    .scope S_00000239bc10bbb0;
T_2 ;
    %wait E_00000239bc0f9d60;
    %load/vec4 v00000239bc139c00_0;
    %assign/vec4 v00000239bc13d290_0, 0;
    %load/vec4 v00000239bc1397a0_0;
    %assign/vec4 v00000239bc13ace0_0, 0;
    %load/vec4 v00000239bc13a4c0_0;
    %assign/vec4 v00000239bc13b320_0, 0;
    %load/vec4 v00000239bc13a7e0_0;
    %assign/vec4 v00000239bc13cc50_0, 0;
    %load/vec4 v00000239bc13a9c0_0;
    %assign/vec4 v00000239bc13bcb0_0, 0;
    %load/vec4 v00000239bc13a740_0;
    %assign/vec4 v00000239bc13b1e0_0, 0;
    %load/vec4 v00000239bc13b500_0;
    %assign/vec4 v00000239bc13b140_0, 0;
    %load/vec4 v00000239bc139840_0;
    %assign/vec4 v00000239bc139de0_0, 0;
    %load/vec4 v00000239bc13a6a0_0;
    %assign/vec4 v00000239bc139ca0_0, 0;
    %load/vec4 v00000239bc139b60_0;
    %assign/vec4 v00000239bc13b7b0_0, 0;
    %load/vec4 v00000239bc13a560_0;
    %assign/vec4 v00000239bc13cbb0_0, 0;
    %load/vec4 v00000239bc1398e0_0;
    %assign/vec4 v00000239bc13d330_0, 0;
    %jmp T_2;
    .thread T_2, $push;
    .scope S_00000239bc10bbb0;
T_3 ;
    %wait E_00000239bc0fa5e0;
    %load/vec4 v00000239bc13d290_0;
    %assign/vec4 v00000239bc13ccf0_0, 0;
    %load/vec4 v00000239bc13ace0_0;
    %assign/vec4 v00000239bc13a420_0, 0;
    %load/vec4 v00000239bc13b320_0;
    %assign/vec4 v00000239bc13aa60_0, 0;
    %load/vec4 v00000239bc13cc50_0;
    %assign/vec4 v00000239bc13d0b0_0, 0;
    %load/vec4 v00000239bc13bcb0_0;
    %assign/vec4 v00000239bc13bfd0_0, 0;
    %load/vec4 v00000239bc13b1e0_0;
    %assign/vec4 v00000239bc13ad80_0, 0;
    %load/vec4 v00000239bc13b140_0;
    %assign/vec4 v00000239bc13b460_0, 0;
    %load/vec4 v00000239bc139de0_0;
    %assign/vec4 v00000239bc13be90_0, 0;
    %load/vec4 v00000239bc139ca0_0;
    %assign/vec4 v00000239bc13c2f0_0, 0;
    %load/vec4 v00000239bc13b7b0_0;
    %assign/vec4 v00000239bc13c7f0_0, 0;
    %load/vec4 v00000239bc13cbb0_0;
    %assign/vec4 v00000239bc13b850_0, 0;
    %load/vec4 v00000239bc13d330_0;
    %assign/vec4 v00000239bc13d010_0, 0;
    %jmp T_3;
    .thread T_3;
    .scope S_00000239bc10e3b0;
T_4 ;
    %wait E_00000239bc0f9e20;
    %load/vec4 v00000239bc13c890_0;
    %assign/vec4 v00000239bc13c110_0, 0;
    %load/vec4 v00000239bc13bb70_0;
    %assign/vec4 v00000239bc13d470_0, 0;
    %load/vec4 v00000239bc13d3d0_0;
    %assign/vec4 v00000239bc13c930_0, 0;
    %load/vec4 v00000239bc13c570_0;
    %assign/vec4 v00000239bc13c1b0_0, 0;
    %load/vec4 v00000239bc13c070_0;
    %assign/vec4 v00000239bc13c430_0, 0;
    %load/vec4 v00000239bc13bf30_0;
    %assign/vec4 v00000239bc13c4d0_0, 0;
    %load/vec4 v00000239bc13cd90_0;
    %assign/vec4 v00000239bc13c250_0, 0;
    %load/vec4 v00000239bc13ce30_0;
    %assign/vec4 v00000239bc13c390_0, 0;
    %jmp T_4;
    .thread T_4, $push;
    .scope S_00000239bc10e3b0;
T_5 ;
    %wait E_00000239bc0f9de0;
    %load/vec4 v00000239bc13c110_0;
    %assign/vec4 v00000239bc13d650_0, 0;
    %load/vec4 v00000239bc13d470_0;
    %assign/vec4 v00000239bc13b8f0_0, 0;
    %load/vec4 v00000239bc13c930_0;
    %assign/vec4 v00000239bc13bd50_0, 0;
    %load/vec4 v00000239bc13c1b0_0;
    %assign/vec4 v00000239bc13c610_0, 0;
    %load/vec4 v00000239bc13c430_0;
    %assign/vec4 v00000239bc13d1f0_0, 0;
    %load/vec4 v00000239bc13c4d0_0;
    %assign/vec4 v00000239bc13cf70_0, 0;
    %load/vec4 v00000239bc13c250_0;
    %assign/vec4 v00000239bc13ced0_0, 0;
    %load/vec4 v00000239bc13c390_0;
    %assign/vec4 v00000239bc13b990_0, 0;
    %jmp T_5;
    .thread T_5;
    .scope S_00000239bc0ab240;
T_6 ;
    %wait E_00000239bc0fa0e0;
    %load/vec4 v00000239bc172410_0;
    %assign/vec4 v00000239bc13c750_0, 0;
    %load/vec4 v00000239bc172190_0;
    %assign/vec4 v00000239bc13ca70_0, 0;
    %load/vec4 v00000239bc13ba30_0;
    %assign/vec4 v00000239bc13bad0_0, 0;
    %load/vec4 v00000239bc13cb10_0;
    %assign/vec4 v00000239bc13c6b0_0, 0;
    %load/vec4 v00000239bc13d510_0;
    %assign/vec4 v00000239bc13d150_0, 0;
    %jmp T_6;
    .thread T_6, $push;
    .scope S_00000239bc0ab240;
T_7 ;
    %wait E_00000239bc0fa6e0;
    %load/vec4 v00000239bc13c750_0;
    %assign/vec4 v00000239bc173770_0, 0;
    %load/vec4 v00000239bc13ca70_0;
    %assign/vec4 v00000239bc1720f0_0, 0;
    %load/vec4 v00000239bc13bad0_0;
    %assign/vec4 v00000239bc13d5b0_0, 0;
    %load/vec4 v00000239bc13c6b0_0;
    %assign/vec4 v00000239bc13bc10_0, 0;
    %load/vec4 v00000239bc13d150_0;
    %store/vec4 v00000239bc1729b0_0, 0, 3;
    %jmp T_7;
    .thread T_7;
    .scope S_00000239bc094cb0;
T_8 ;
    %wait E_00000239bc0fa320;
    %load/vec4 v00000239bc173270_0;
    %flag_set/vec4 8;
    %jmp/0xz  T_8.0, 8;
    %load/vec4 v00000239bc172550_0;
    %load/vec4 v00000239bc172cd0_0;
    %pad/u 5;
    %ix/vec4 3;
    %ix/load 4, 0, 0; Constant delay
    %assign/vec4/a/d v00000239bc172370, 0, 4;
T_8.0 ;
    %jmp T_8;
    .thread T_8;
    .scope S_00000239bc094cb0;
T_9 ;
    %wait E_00000239bc0f9e60;
    %load/vec4 v00000239bc173130_0;
    %cmpi/e 0, 0, 3;
    %jmp/0xz  T_9.0, 4;
    %pushi/vec4 0, 0, 8;
    %store/vec4 v00000239bc172230_0, 0, 8;
    %jmp T_9.1;
T_9.0 ;
    %load/vec4 v00000239bc173130_0;
    %cmpi/e 7, 0, 3;
    %jmp/0xz  T_9.2, 4;
    %pushi/vec4 127, 0, 8;
    %store/vec4 v00000239bc172230_0, 0, 8;
    %jmp T_9.3;
T_9.2 ;
    %load/vec4 v00000239bc173130_0;
    %pad/u 5;
    %ix/vec4 4;
    %load/vec4a v00000239bc172370, 4;
    %store/vec4 v00000239bc172230_0, 0, 8;
T_9.3 ;
T_9.1 ;
    %load/vec4 v00000239bc1722d0_0;
    %cmpi/e 0, 0, 3;
    %jmp/0xz  T_9.4, 4;
    %pushi/vec4 0, 0, 8;
    %store/vec4 v00000239bc173f90_0, 0, 8;
    %jmp T_9.5;
T_9.4 ;
    %load/vec4 v00000239bc1722d0_0;
    %cmpi/e 7, 0, 3;
    %jmp/0xz  T_9.6, 4;
    %pushi/vec4 127, 0, 8;
    %store/vec4 v00000239bc173f90_0, 0, 8;
    %jmp T_9.7;
T_9.6 ;
    %load/vec4 v00000239bc1722d0_0;
    %pad/u 5;
    %ix/vec4 4;
    %load/vec4a v00000239bc172370, 4;
    %store/vec4 v00000239bc173f90_0, 0, 8;
T_9.7 ;
T_9.5 ;
    %jmp T_9;
    .thread T_9, $push;
    .scope S_00000239bc0b03f0;
T_10 ;
    %wait E_00000239bc0fa360;
    %load/vec4 v00000239bc1738b0_0;
    %dup/vec4;
    %pushi/vec4 0, 0, 3;
    %cmp/u;
    %jmp/1 T_10.0, 6;
    %dup/vec4;
    %pushi/vec4 1, 0, 3;
    %cmp/u;
    %jmp/1 T_10.1, 6;
    %dup/vec4;
    %pushi/vec4 2, 0, 3;
    %cmp/u;
    %jmp/1 T_10.2, 6;
    %dup/vec4;
    %pushi/vec4 3, 0, 3;
    %cmp/u;
    %jmp/1 T_10.3, 6;
    %dup/vec4;
    %pushi/vec4 4, 0, 3;
    %cmp/u;
    %jmp/1 T_10.4, 6;
    %dup/vec4;
    %pushi/vec4 5, 0, 3;
    %cmp/u;
    %jmp/1 T_10.5, 6;
    %dup/vec4;
    %pushi/vec4 6, 0, 3;
    %cmp/u;
    %jmp/1 T_10.6, 6;
    %dup/vec4;
    %pushi/vec4 7, 0, 3;
    %cmp/u;
    %jmp/1 T_10.7, 6;
    %jmp T_10.9;
T_10.0 ;
    %load/vec4 v00000239bc172730_0;
    %load/vec4 v00000239bc1733b0_0;
    %add;
    %assign/vec4 v00000239bc173450_0, 0;
    %pushi/vec4 0, 0, 1;
    %assign/vec4 v00000239bc1736d0_0, 0;
    %jmp T_10.9;
T_10.1 ;
    %load/vec4 v00000239bc172730_0;
    %load/vec4 v00000239bc1733b0_0;
    %sub;
    %assign/vec4 v00000239bc173450_0, 0;
    %pushi/vec4 0, 0, 1;
    %assign/vec4 v00000239bc1736d0_0, 0;
    %jmp T_10.9;
T_10.2 ;
    %load/vec4 v00000239bc172730_0;
    %load/vec4 v00000239bc1733b0_0;
    %and;
    %assign/vec4 v00000239bc173450_0, 0;
    %pushi/vec4 0, 0, 1;
    %assign/vec4 v00000239bc1736d0_0, 0;
    %jmp T_10.9;
T_10.3 ;
    %load/vec4 v00000239bc172730_0;
    %load/vec4 v00000239bc1733b0_0;
    %or;
    %assign/vec4 v00000239bc173450_0, 0;
    %pushi/vec4 0, 0, 1;
    %assign/vec4 v00000239bc1736d0_0, 0;
    %jmp T_10.9;
T_10.4 ;
    %load/vec4 v00000239bc172730_0;
    %load/vec4 v00000239bc1733b0_0;
    %add;
    %assign/vec4 v00000239bc173450_0, 0;
    %pushi/vec4 0, 0, 1;
    %assign/vec4 v00000239bc1736d0_0, 0;
    %jmp T_10.9;
T_10.5 ;
    %load/vec4 v00000239bc172730_0;
    %load/vec4 v00000239bc1733b0_0;
    %add;
    %assign/vec4 v00000239bc173450_0, 0;
    %pushi/vec4 0, 0, 1;
    %assign/vec4 v00000239bc1736d0_0, 0;
    %jmp T_10.9;
T_10.6 ;
    %load/vec4 v00000239bc172730_0;
    %load/vec4 v00000239bc1733b0_0;
    %add;
    %assign/vec4 v00000239bc173450_0, 0;
    %pushi/vec4 0, 0, 1;
    %assign/vec4 v00000239bc1736d0_0, 0;
    %jmp T_10.9;
T_10.7 ;
    %load/vec4 v00000239bc172730_0;
    %load/vec4 v00000239bc1733b0_0;
    %cmp/e;
    %jmp/0xz  T_10.10, 4;
    %pushi/vec4 0, 0, 1;
    %assign/vec4 v00000239bc1736d0_0, 0;
    %jmp T_10.11;
T_10.10 ;
    %pushi/vec4 1, 0, 1;
    %assign/vec4 v00000239bc1736d0_0, 0;
T_10.11 ;
    %jmp T_10.9;
T_10.9 ;
    %pop/vec4 1;
    %jmp T_10;
    .thread T_10, $push;
    .scope S_00000239bc0aeff0;
T_11 ;
    %wait E_00000239bc0fa120;
    %load/vec4 v00000239bc172af0_0;
    %parti/s 3, 2, 3;
    %dup/vec4;
    %pushi/vec4 0, 0, 3;
    %cmp/u;
    %jmp/1 T_11.0, 6;
    %dup/vec4;
    %pushi/vec4 1, 0, 3;
    %cmp/u;
    %jmp/1 T_11.1, 6;
    %dup/vec4;
    %pushi/vec4 2, 0, 3;
    %cmp/u;
    %jmp/1 T_11.2, 6;
    %dup/vec4;
    %pushi/vec4 3, 0, 3;
    %cmp/u;
    %jmp/1 T_11.3, 6;
    %dup/vec4;
    %pushi/vec4 4, 0, 3;
    %cmp/u;
    %jmp/1 T_11.4, 6;
    %dup/vec4;
    %pushi/vec4 5, 0, 3;
    %cmp/u;
    %jmp/1 T_11.5, 6;
    %jmp T_11.6;
T_11.0 ;
    %load/vec4 v00000239bc172af0_0;
    %parti/s 2, 0, 2;
    %dup/vec4;
    %pushi/vec4 0, 0, 2;
    %cmp/u;
    %jmp/1 T_11.7, 6;
    %dup/vec4;
    %pushi/vec4 1, 0, 2;
    %cmp/u;
    %jmp/1 T_11.8, 6;
    %dup/vec4;
    %pushi/vec4 2, 0, 2;
    %cmp/u;
    %jmp/1 T_11.9, 6;
    %dup/vec4;
    %pushi/vec4 3, 0, 2;
    %cmp/u;
    %jmp/1 T_11.10, 6;
    %jmp T_11.11;
T_11.7 ;
    %pushi/vec4 1, 0, 1;
    %assign/vec4 v00000239bc1727d0_0, 0;
    %pushi/vec4 1, 0, 1;
    %assign/vec4 v00000239bc173bd0_0, 0;
    %pushi/vec4 1, 0, 1;
    %assign/vec4 v00000239bc172b90_0, 0;
    %pushi/vec4 0, 0, 3;
    %assign/vec4 v00000239bc173950_0, 0;
    %pushi/vec4 0, 0, 1;
    %assign/vec4 v00000239bc173a90_0, 0;
    %pushi/vec4 0, 0, 1;
    %assign/vec4 v00000239bc173b30_0, 0;
    %pushi/vec4 0, 0, 1;
    %assign/vec4 v00000239bc172690_0, 0;
    %pushi/vec4 1, 0, 1;
    %assign/vec4 v00000239bc172870_0, 0;
    %jmp T_11.11;
T_11.8 ;
    %pushi/vec4 1, 0, 1;
    %assign/vec4 v00000239bc1727d0_0, 0;
    %pushi/vec4 1, 0, 1;
    %assign/vec4 v00000239bc173bd0_0, 0;
    %pushi/vec4 1, 0, 1;
    %assign/vec4 v00000239bc172b90_0, 0;
    %pushi/vec4 1, 0, 3;
    %assign/vec4 v00000239bc173950_0, 0;
    %pushi/vec4 0, 0, 1;
    %assign/vec4 v00000239bc173a90_0, 0;
    %pushi/vec4 0, 0, 1;
    %assign/vec4 v00000239bc173b30_0, 0;
    %pushi/vec4 0, 0, 1;
    %assign/vec4 v00000239bc172690_0, 0;
    %pushi/vec4 1, 0, 1;
    %assign/vec4 v00000239bc172870_0, 0;
    %jmp T_11.11;
T_11.9 ;
    %pushi/vec4 1, 0, 1;
    %assign/vec4 v00000239bc1727d0_0, 0;
    %pushi/vec4 1, 0, 1;
    %assign/vec4 v00000239bc173bd0_0, 0;
    %pushi/vec4 1, 0, 1;
    %assign/vec4 v00000239bc172b90_0, 0;
    %pushi/vec4 2, 0, 3;
    %assign/vec4 v00000239bc173950_0, 0;
    %pushi/vec4 0, 0, 1;
    %assign/vec4 v00000239bc173a90_0, 0;
    %pushi/vec4 0, 0, 1;
    %assign/vec4 v00000239bc173b30_0, 0;
    %pushi/vec4 0, 0, 1;
    %assign/vec4 v00000239bc172690_0, 0;
    %pushi/vec4 1, 0, 1;
    %assign/vec4 v00000239bc172870_0, 0;
    %jmp T_11.11;
T_11.10 ;
    %pushi/vec4 1, 0, 1;
    %assign/vec4 v00000239bc1727d0_0, 0;
    %pushi/vec4 1, 0, 1;
    %assign/vec4 v00000239bc173bd0_0, 0;
    %pushi/vec4 1, 0, 1;
    %assign/vec4 v00000239bc172b90_0, 0;
    %pushi/vec4 3, 0, 3;
    %assign/vec4 v00000239bc173950_0, 0;
    %pushi/vec4 0, 0, 1;
    %assign/vec4 v00000239bc173a90_0, 0;
    %pushi/vec4 0, 0, 1;
    %assign/vec4 v00000239bc173b30_0, 0;
    %pushi/vec4 0, 0, 1;
    %assign/vec4 v00000239bc172690_0, 0;
    %pushi/vec4 1, 0, 1;
    %assign/vec4 v00000239bc172870_0, 0;
    %jmp T_11.11;
T_11.11 ;
    %pop/vec4 1;
    %jmp T_11.6;
T_11.1 ;
    %pushi/vec4 1, 0, 1;
    %assign/vec4 v00000239bc1727d0_0, 0;
    %pushi/vec4 0, 0, 1;
    %assign/vec4 v00000239bc173bd0_0, 0;
    %pushi/vec4 1, 0, 1;
    %assign/vec4 v00000239bc172b90_0, 0;
    %pushi/vec4 4, 0, 3;
    %assign/vec4 v00000239bc173950_0, 0;
    %pushi/vec4 0, 0, 1;
    %assign/vec4 v00000239bc173a90_0, 0;
    %pushi/vec4 0, 0, 1;
    %assign/vec4 v00000239bc173b30_0, 0;
    %pushi/vec4 1, 0, 1;
    %assign/vec4 v00000239bc172690_0, 0;
    %pushi/vec4 1, 0, 1;
    %assign/vec4 v00000239bc172870_0, 0;
    %jmp T_11.6;
T_11.2 ;
    %pushi/vec4 0, 0, 1;
    %assign/vec4 v00000239bc1727d0_0, 0;
    %pushi/vec4 0, 0, 1;
    %assign/vec4 v00000239bc173bd0_0, 0;
    %pushi/vec4 1, 0, 1;
    %assign/vec4 v00000239bc172b90_0, 0;
    %pushi/vec4 5, 0, 3;
    %assign/vec4 v00000239bc173950_0, 0;
    %pushi/vec4 1, 0, 1;
    %assign/vec4 v00000239bc173a90_0, 0;
    %pushi/vec4 0, 0, 1;
    %assign/vec4 v00000239bc173b30_0, 0;
    %pushi/vec4 1, 0, 1;
    %assign/vec4 v00000239bc172690_0, 0;
    %pushi/vec4 1, 0, 1;
    %assign/vec4 v00000239bc172870_0, 0;
    %jmp T_11.6;
T_11.3 ;
    %pushi/vec4 0, 0, 1;
    %assign/vec4 v00000239bc1727d0_0, 0;
    %pushi/vec4 0, 0, 1;
    %assign/vec4 v00000239bc173bd0_0, 0;
    %pushi/vec4 0, 0, 1;
    %assign/vec4 v00000239bc172b90_0, 0;
    %pushi/vec4 6, 0, 3;
    %assign/vec4 v00000239bc173950_0, 0;
    %pushi/vec4 0, 0, 1;
    %assign/vec4 v00000239bc173a90_0, 0;
    %pushi/vec4 1, 0, 1;
    %assign/vec4 v00000239bc173b30_0, 0;
    %pushi/vec4 1, 0, 1;
    %assign/vec4 v00000239bc172690_0, 0;
    %pushi/vec4 1, 0, 1;
    %assign/vec4 v00000239bc172870_0, 0;
    %jmp T_11.6;
T_11.4 ;
    %pushi/vec4 0, 0, 1;
    %assign/vec4 v00000239bc1727d0_0, 0;
    %pushi/vec4 0, 0, 1;
    %assign/vec4 v00000239bc173bd0_0, 0;
    %pushi/vec4 0, 0, 1;
    %assign/vec4 v00000239bc172b90_0, 0;
    %pushi/vec4 7, 0, 3;
    %assign/vec4 v00000239bc173950_0, 0;
    %pushi/vec4 0, 0, 1;
    %assign/vec4 v00000239bc173a90_0, 0;
    %pushi/vec4 0, 0, 1;
    %assign/vec4 v00000239bc173b30_0, 0;
    %pushi/vec4 0, 0, 1;
    %assign/vec4 v00000239bc172690_0, 0;
    %pushi/vec4 1, 0, 1;
    %assign/vec4 v00000239bc172870_0, 0;
    %jmp T_11.6;
T_11.5 ;
    %pushi/vec4 0, 0, 1;
    %assign/vec4 v00000239bc1727d0_0, 0;
    %pushi/vec4 0, 0, 1;
    %assign/vec4 v00000239bc173bd0_0, 0;
    %pushi/vec4 0, 0, 1;
    %assign/vec4 v00000239bc172b90_0, 0;
    %pushi/vec4 0, 0, 3;
    %assign/vec4 v00000239bc173950_0, 0;
    %pushi/vec4 0, 0, 1;
    %assign/vec4 v00000239bc173a90_0, 0;
    %pushi/vec4 0, 0, 1;
    %assign/vec4 v00000239bc173b30_0, 0;
    %pushi/vec4 0, 0, 1;
    %assign/vec4 v00000239bc172690_0, 0;
    %pushi/vec4 0, 0, 1;
    %assign/vec4 v00000239bc172870_0, 0;
    %jmp T_11.6;
T_11.6 ;
    %pop/vec4 1;
    %jmp T_11;
    .thread T_11, $push;
    .scope S_00000239bc0af180;
T_12 ;
    %wait E_00000239bc0fa8a0;
    %load/vec4 v00000239bc173db0_0;
    %parti/s 3, 13, 5;
    %ix/load 4, 2, 0;
    %flag_set/imm 4, 0;
    %store/vec4 v00000239bc173e50_0, 4, 3;
    %load/vec4 v00000239bc173db0_0;
    %parti/s 3, 13, 5;
    %cmpi/e 0, 0, 3;
    %jmp/0xz  T_12.0, 4;
    %load/vec4 v00000239bc173db0_0;
    %parti/s 2, 11, 5;
    %ix/load 4, 0, 0;
    %flag_set/imm 4, 0;
    %store/vec4 v00000239bc173e50_0, 4, 2;
    %jmp T_12.1;
T_12.0 ;
    %pushi/vec4 0, 0, 2;
    %ix/load 4, 0, 0;
    %flag_set/imm 4, 0;
    %store/vec4 v00000239bc173e50_0, 4, 2;
T_12.1 ;
    %jmp T_12;
    .thread T_12, $push;
    .scope S_00000239bc08fcf0;
T_13 ;
    %pushi/vec4 0, 0, 32;
    %store/vec4 v00000239bc174920_0, 0, 32;
T_13.0 ;
    %load/vec4 v00000239bc174920_0;
    %cmpi/s 256, 0, 32;
    %jmp/0xz T_13.1, 5;
    %ix/getv/s 4, v00000239bc174920_0;
    %load/vec4a v00000239bc174100, 4;
    %parti/s 3, 13, 5;
    %cmpi/e 0, 0, 3;
    %jmp/0xz  T_13.2, 4;
    %ix/getv/s 4, v00000239bc174920_0;
    %load/vec4a v00000239bc174100, 4;
    %parti/s 3, 6, 4;
    %store/vec4 v00000239bc1741a0_0, 0, 3;
    %pushi/vec4 1, 0, 1;
    %store/vec4 v00000239bc174420_0, 0, 1;
    %jmp T_13.3;
T_13.2 ;
    %ix/getv/s 4, v00000239bc174920_0;
    %load/vec4a v00000239bc174100, 4;
    %parti/s 3, 13, 5;
    %cmpi/e 1, 0, 3;
    %jmp/1 T_13.6, 4;
    %flag_mov 8, 4;
    %ix/getv/s 4, v00000239bc174920_0;
    %load/vec4a v00000239bc174100, 4;
    %parti/s 3, 13, 5;
    %cmpi/e 2, 0, 3;
    %flag_or 4, 8;
T_13.6;
    %jmp/0xz  T_13.4, 4;
    %ix/getv/s 4, v00000239bc174920_0;
    %load/vec4a v00000239bc174100, 4;
    %parti/s 3, 0, 2;
    %store/vec4 v00000239bc1741a0_0, 0, 3;
    %pushi/vec4 1, 0, 1;
    %store/vec4 v00000239bc174420_0, 0, 1;
    %jmp T_13.5;
T_13.4 ;
    %pushi/vec4 0, 0, 1;
    %store/vec4 v00000239bc174420_0, 0, 1;
T_13.5 ;
T_13.3 ;
    %delay 1000, 0;
    %ix/getv/s 4, v00000239bc174920_0;
    %load/vec4a v00000239bc174100, 4;
    %parti/s 3, 13, 5;
    %cmpi/e 4, 0, 3;
    %jmp/0xz  T_13.7, 4;
    %pushi/vec4 255, 0, 32;
    %store/vec4 v00000239bc175640_0, 0, 32;
T_13.9 ;
    %load/vec4 v00000239bc174920_0;
    %addi 2, 0, 32;
    %load/vec4 v00000239bc175640_0;
    %cmp/s;
    %jmp/0xz T_13.10, 5;
    %load/vec4 v00000239bc175640_0;
    %subi 2, 0, 32;
    %ix/vec4/s 4;
    %load/vec4a v00000239bc174100, 4;
    %ix/getv/s 4, v00000239bc175640_0;
    %store/vec4a v00000239bc174100, 4, 0;
    %load/vec4 v00000239bc175640_0;
    %subi 1, 0, 32;
    %store/vec4 v00000239bc175640_0, 0, 32;
    %jmp T_13.9;
T_13.10 ;
    %pushi/vec4 0, 0, 16;
    %load/vec4 v00000239bc174920_0;
    %addi 1, 0, 32;
    %ix/vec4/s 4;
    %store/vec4a v00000239bc174100, 4, 0;
    %pushi/vec4 0, 0, 16;
    %load/vec4 v00000239bc174920_0;
    %addi 2, 0, 32;
    %ix/vec4/s 4;
    %store/vec4a v00000239bc174100, 4, 0;
    %load/vec4 v00000239bc174920_0;
    %addi 3, 0, 32;
    %store/vec4 v00000239bc174920_0, 0, 32;
T_13.7 ;
    %load/vec4 v00000239bc174420_0;
    %pad/u 32;
    %cmpi/e 1, 0, 32;
    %jmp/0xz  T_13.11, 4;
    %load/vec4 v00000239bc174920_0;
    %addi 1, 0, 32;
    %ix/vec4/s 4;
    %load/vec4a v00000239bc174100, 4;
    %parti/s 3, 13, 5;
    %cmpi/e 0, 0, 3;
    %jmp/0xz  T_13.13, 4;
    %load/vec4 v00000239bc174920_0;
    %addi 1, 0, 32;
    %ix/vec4/s 4;
    %load/vec4a v00000239bc174100, 4;
    %parti/s 3, 0, 2;
    %load/vec4 v00000239bc1741a0_0;
    %cmp/e;
    %jmp/1 T_13.17, 4;
    %flag_mov 8, 4;
    %load/vec4 v00000239bc174920_0;
    %addi 1, 0, 32;
    %ix/vec4/s 4;
    %load/vec4a v00000239bc174100, 4;
    %parti/s 3, 3, 3;
    %load/vec4 v00000239bc1741a0_0;
    %cmp/e;
    %flag_or 4, 8;
T_13.17;
    %jmp/0xz  T_13.15, 4;
    %pushi/vec4 255, 0, 32;
    %store/vec4 v00000239bc175640_0, 0, 32;
T_13.18 ;
    %load/vec4 v00000239bc174920_0;
    %addi 3, 0, 32;
    %load/vec4 v00000239bc175640_0;
    %cmp/s;
    %jmp/0xz T_13.19, 5;
    %load/vec4 v00000239bc175640_0;
    %subi 3, 0, 32;
    %ix/vec4/s 4;
    %load/vec4a v00000239bc174100, 4;
    %ix/getv/s 4, v00000239bc175640_0;
    %store/vec4a v00000239bc174100, 4, 0;
    %load/vec4 v00000239bc175640_0;
    %subi 1, 0, 32;
    %store/vec4 v00000239bc175640_0, 0, 32;
    %jmp T_13.18;
T_13.19 ;
    %pushi/vec4 0, 0, 16;
    %load/vec4 v00000239bc174920_0;
    %addi 1, 0, 32;
    %ix/vec4/s 4;
    %store/vec4a v00000239bc174100, 4, 0;
    %pushi/vec4 0, 0, 16;
    %load/vec4 v00000239bc174920_0;
    %addi 2, 0, 32;
    %ix/vec4/s 4;
    %store/vec4a v00000239bc174100, 4, 0;
    %pushi/vec4 0, 0, 16;
    %load/vec4 v00000239bc174920_0;
    %addi 3, 0, 32;
    %ix/vec4/s 4;
    %store/vec4a v00000239bc174100, 4, 0;
    %load/vec4 v00000239bc174920_0;
    %addi 3, 0, 32;
    %store/vec4 v00000239bc174920_0, 0, 32;
T_13.15 ;
    %jmp T_13.14;
T_13.13 ;
    %load/vec4 v00000239bc174920_0;
    %addi 1, 0, 32;
    %ix/vec4/s 4;
    %load/vec4a v00000239bc174100, 4;
    %parti/s 3, 13, 5;
    %cmpi/e 3, 0, 3;
    %jmp/0xz  T_13.20, 4;
    %load/vec4 v00000239bc174920_0;
    %addi 1, 0, 32;
    %ix/vec4/s 4;
    %load/vec4a v00000239bc174100, 4;
    %parti/s 3, 0, 2;
    %load/vec4 v00000239bc1741a0_0;
    %cmp/e;
    %jmp/0xz  T_13.22, 4;
    %pushi/vec4 255, 0, 32;
    %store/vec4 v00000239bc175640_0, 0, 32;
T_13.24 ;
    %load/vec4 v00000239bc174920_0;
    %addi 3, 0, 32;
    %load/vec4 v00000239bc175640_0;
    %cmp/s;
    %jmp/0xz T_13.25, 5;
    %load/vec4 v00000239bc175640_0;
    %subi 3, 0, 32;
    %ix/vec4/s 4;
    %load/vec4a v00000239bc174100, 4;
    %ix/getv/s 4, v00000239bc175640_0;
    %store/vec4a v00000239bc174100, 4, 0;
    %load/vec4 v00000239bc175640_0;
    %subi 1, 0, 32;
    %store/vec4 v00000239bc175640_0, 0, 32;
    %jmp T_13.24;
T_13.25 ;
    %pushi/vec4 0, 0, 16;
    %load/vec4 v00000239bc174920_0;
    %addi 1, 0, 32;
    %ix/vec4/s 4;
    %store/vec4a v00000239bc174100, 4, 0;
    %pushi/vec4 0, 0, 16;
    %load/vec4 v00000239bc174920_0;
    %addi 2, 0, 32;
    %ix/vec4/s 4;
    %store/vec4a v00000239bc174100, 4, 0;
    %pushi/vec4 0, 0, 16;
    %load/vec4 v00000239bc174920_0;
    %addi 3, 0, 32;
    %ix/vec4/s 4;
    %store/vec4a v00000239bc174100, 4, 0;
    %load/vec4 v00000239bc174920_0;
    %addi 3, 0, 32;
    %store/vec4 v00000239bc174920_0, 0, 32;
T_13.22 ;
T_13.20 ;
T_13.14 ;
T_13.11 ;
    %load/vec4 v00000239bc174920_0;
    %addi 1, 0, 32;
    %store/vec4 v00000239bc174920_0, 0, 32;
    %jmp T_13.0;
T_13.1 ;
    %end;
    .thread T_13;
    .scope S_00000239bc0d2230;
T_14 ;
    %wait E_00000239bc0fa9a0;
    %load/vec4 v00000239bc1753c0_0;
    %flag_set/vec4 8;
    %jmp/0xz  T_14.0, 8;
    %pushi/vec4 0, 0, 8;
    %assign/vec4 v00000239bc175a00_0, 0;
    %jmp T_14.1;
T_14.0 ;
    %load/vec4 v00000239bc174240_0;
    %assign/vec4 v00000239bc175a00_0, 0;
T_14.1 ;
    %jmp T_14;
    .thread T_14;
    .scope S_00000239bc0d23c0;
T_15 ;
    %wait E_00000239bc0fa3e0;
    %load/vec4 v00000239bc175280_0;
    %dup/vec4;
    %pushi/vec4 0, 0, 1;
    %cmp/u;
    %jmp/1 T_15.0, 6;
    %dup/vec4;
    %pushi/vec4 1, 0, 1;
    %cmp/u;
    %jmp/1 T_15.1, 6;
    %pushi/vec4 0, 0, 3;
    %store/vec4 v00000239bc1747e0_0, 0, 3;
    %jmp T_15.3;
T_15.0 ;
    %load/vec4 v00000239bc1742e0_0;
    %store/vec4 v00000239bc1747e0_0, 0, 3;
    %jmp T_15.3;
T_15.1 ;
    %load/vec4 v00000239bc174380_0;
    %store/vec4 v00000239bc1747e0_0, 0, 3;
    %jmp T_15.3;
T_15.3 ;
    %pop/vec4 1;
    %jmp T_15;
    .thread T_15, $push;
    .scope S_00000239bc110cc0;
T_16 ;
    %wait E_00000239bc0f9ea0;
    %load/vec4 v00000239bc1755a0_0;
    %flag_set/vec4 8;
    %jmp/0xz  T_16.0, 8;
    %load/vec4 v00000239bc1744c0_0;
    %load/vec4 v00000239bc174ec0_0;
    %pad/u 10;
    %ix/vec4 3;
    %ix/load 4, 0, 0; Constant delay
    %assign/vec4/a/d v00000239bc174ba0, 0, 4;
T_16.0 ;
    %jmp T_16;
    .thread T_16;
    .scope S_00000239bc110cc0;
T_17 ;
    %wait E_00000239bc0fa420;
    %load/vec4 v00000239bc1749c0_0;
    %flag_set/vec4 8;
    %jmp/0xz  T_17.0, 8;
    %load/vec4 v00000239bc174ec0_0;
    %pad/u 10;
    %ix/vec4 4;
    %load/vec4a v00000239bc174ba0, 4;
    %assign/vec4 v00000239bc174560_0, 0;
T_17.0 ;
    %jmp T_17;
    .thread T_17, $push;
# The file index is used to find the file name in the following table.
:file_names 19;
    "N/A";
    "<interactive>";
    "-";
    "./L1.v";
    "./L2.v";
    "./L3.v";
    "./L4.v";
    "./B_Selector_MUX.v";
    "./regfile_updated.v";
    "./SignExtender.v";
    "./adder.v";
    "./alu.v";
    "./controlpath.v";
    "./decoder.v";
    "./instructionregister.v";
    "./mux2x1.v";
    "./regpc.v";
    "./regfile_mux.v";
    "./register256x8.v";
